[2025-06-26 06:49:09,542] INFO in __main__: Starting AE LIW Automation
[2025-06-26 06:49:09,616] INFO in slide_updaters.slide_4: Updating slide 4
[2025-06-26 06:59:16,842] INFO in __main__: Starting AE LIW Automation
[2025-06-26 06:59:16,917] INFO in slide_updaters.slide_4: Updating slide 4
[2025-06-26 06:59:48,658] INFO in __main__: Starting AE LIW Automation
[2025-06-26 06:59:48,734] INFO in slide_updaters.slide_4: Updating slide 4
[2025-06-26 07:03:29,904] INFO in __main__: Starting AE LIW Automation
[2025-06-26 07:03:29,979] INFO in slide_updaters.slide_4: Updating slide 4
[2025-06-26 07:11:29,321] INFO in __main__: Starting AE LIW Automation
[2025-06-26 07:11:29,483] INFO in slide_updaters.slide_4: Updating slide 4
[2025-06-26 07:11:33,531] INFO in __main__: Starting AE LIW Automation
[2025-06-26 07:11:33,679] INFO in slide_updaters.slide_4: Updating slide 4
[2025-06-26 07:12:43,660] INFO in __main__: Starting AE LIW Automation
[2025-06-26 07:12:43,812] INFO in slide_updaters.slide_4: Updating slide 4
[2025-06-26 07:15:34,187] INFO in __main__: Starting AE LIW Automation
[2025-06-26 07:15:34,336] INFO in slide_updaters.slide_4: Updating slide 4
[2025-06-26 07:16:13,055] INFO in __main__: Starting AE LIW Automation
[2025-06-26 07:16:13,214] INFO in slide_updaters.slide_4: Updating slide 4
[2025-06-26 07:17:10,802] INFO in __main__: Starting AE LIW Automation
[2025-06-26 07:17:10,952] INFO in slide_updaters.slide_4: Updating slide 4
[2025-06-26 07:17:46,447] INFO in __main__: Starting AE LIW Automation
[2025-06-26 07:17:46,595] INFO in slide_updaters.slide_4: Updating slide 4
[2025-06-26 07:18:41,445] INFO in __main__: Starting AE LIW Automation
[2025-06-26 07:18:41,598] INFO in slide_updaters.slide_4: Updating slide 4
[2025-06-26 07:22:11,033] INFO in __main__: Starting AE LIW Automation
[2025-06-26 07:22:11,183] INFO in slide_updaters.slide_4: Updating slide 4
[2025-06-26 07:27:14,545] INFO in __main__: Starting AE LIW Automation
[2025-06-26 07:27:14,698] INFO in slide_updaters.slide_4: Updating slide 4
[2025-06-26 07:48:51,350] INFO in __main__: Starting AE LIW Automation
[2025-06-26 07:48:51,432] INFO in slide_updaters.slide_4: Updating slide 4
[2025-06-26 07:53:36,203] INFO in __main__: Starting AE LIW Automation
[2025-06-26 07:53:36,359] INFO in slide_updaters.slide_4: Updating slide 4
[2025-06-26 07:58:20,487] INFO in __main__: Starting AE LIW Automation
[2025-06-26 07:58:20,636] INFO in slide_updaters.slide_4: Updating slide 4
[2025-06-26 08:02:08,386] INFO in __main__: Starting AE LIW Automation
[2025-06-26 08:02:08,538] INFO in slide_updaters.slide_4: Updating slide 4
[2025-06-26 08:04:25,472] INFO in __main__: Starting AE LIW Automation
[2025-06-26 08:04:25,620] INFO in slide_updaters.slide_4: Updating slide 4
[2025-06-26 08:06:04,278] INFO in __main__: Starting AE LIW Automation
[2025-06-26 08:06:04,431] INFO in slide_updaters.slide_4: Updating slide 4
[2025-06-26 08:07:49,606] INFO in __main__: Starting AE LIW Automation
[2025-06-26 08:07:49,773] INFO in slide_updaters.slide_4: Updating slide 4
[2025-06-26 08:08:08,632] INFO in __main__: Starting AE LIW Automation
[2025-06-26 08:08:08,784] INFO in slide_updaters.slide_4: Updating slide 4
[2025-06-26 08:11:58,843] INFO in __main__: Starting AE LIW Automation
[2025-06-26 08:11:59,002] INFO in slide_updaters.slide_4: Updating slide 4
[2025-06-26 08:12:17,563] INFO in __main__: Starting AE LIW Automation
[2025-06-26 08:12:17,721] INFO in slide_updaters.slide_4: Updating slide 4
[2025-06-26 08:12:32,823] INFO in __main__: Starting AE LIW Automation
[2025-06-26 08:12:32,890] INFO in slide_updaters.slide_4: Updating slide 4
[2025-06-26 08:16:24,709] INFO in __main__: Starting AE LIW Automation
[2025-06-26 08:16:24,863] INFO in slide_updaters.slide_4: Updating slide 4
[2025-06-26 08:17:06,882] INFO in __main__: Starting AE LIW Automation
[2025-06-26 08:17:07,032] INFO in slide_updaters.slide_4: Updating slide 4
[2025-06-26 08:21:42,182] INFO in __main__: Starting AE LIW Automation
[2025-06-26 08:21:42,331] INFO in slide_updaters.slide_4: Updating slide 4
[2025-06-26 08:24:55,692] INFO in __main__: Starting AE LIW Automation
[2025-06-26 08:24:55,844] INFO in slide_updaters.slide_4: Updating slide 4
[2025-06-26 08:26:30,122] INFO in __main__: Starting AE LIW Automation
[2025-06-26 08:26:30,269] INFO in slide_updaters.slide_4: Updating slide 4
[2025-06-26 08:28:18,550] INFO in __main__: Starting AE LIW Automation
[2025-06-26 08:28:18,704] INFO in slide_updaters.slide_4: Updating slide 4
[2025-06-26 08:31:40,292] INFO in __main__: Starting AE LIW Automation
[2025-06-26 08:31:40,362] INFO in slide_updaters.slide_4: Updating slide 4
[2025-06-26 08:33:19,102] INFO in __main__: Starting AE LIW Automation
[2025-06-26 08:33:19,179] INFO in slide_updaters.slide_4: Updating slide 4
[2025-06-26 08:34:47,103] INFO in __main__: Starting AE LIW Automation
[2025-06-26 08:34:47,184] INFO in slide_updaters.slide_4: Updating slide 4
[2025-06-26 08:35:11,445] INFO in __main__: Starting AE LIW Automation
[2025-06-26 08:35:11,523] INFO in slide_updaters.slide_4: Updating slide 4
[2025-06-26 08:35:55,278] INFO in __main__: Starting AE LIW Automation
[2025-06-26 08:35:55,354] INFO in slide_updaters.slide_4: Updating slide 4
[2025-06-26 08:44:35,774] INFO in __main__: Starting AE LIW Automation
[2025-06-26 08:44:35,848] INFO in slide_updaters.slide_4: Updating slide 4
[2025-06-26 08:46:35,741] INFO in __main__: Starting AE LIW Automation
[2025-06-26 08:46:35,819] INFO in slide_updaters.slide_4: Updating slide 4
[2025-06-26 08:54:31,243] INFO in __main__: Starting AE LIW Automation
[2025-06-26 08:54:31,317] INFO in slide_updaters.slide_4: Updating slide 4
[2025-06-26 08:55:03,557] INFO in __main__: Starting AE LIW Automation
[2025-06-26 08:55:03,633] INFO in slide_updaters.slide_4: Updating slide 4
[2025-06-26 08:55:33,342] INFO in __main__: Starting AE LIW Automation
[2025-06-26 08:55:33,421] INFO in slide_updaters.slide_4: Updating slide 4
[2025-06-26 08:57:33,137] INFO in __main__: Starting AE LIW Automation
[2025-06-26 08:57:33,296] INFO in slide_updaters.slide_4: Updating slide 4
[2025-06-26 09:00:35,356] INFO in __main__: Starting AE LIW Automation
[2025-06-26 09:00:35,506] INFO in slide_updaters.slide_4: Updating slide 4
[2025-06-26 09:03:40,437] INFO in __main__: Starting AE LIW Automation
[2025-06-26 09:03:40,592] INFO in slide_updaters.slide_4: Updating slide 4
[2025-06-26 09:04:55,877] INFO in __main__: Starting AE LIW Automation
[2025-06-26 09:04:56,029] INFO in slide_updaters.slide_4: Updating slide 4
[2025-06-26 09:05:00,386] INFO in __main__: Starting AE LIW Automation
[2025-06-26 09:05:00,457] INFO in slide_updaters.slide_4: Updating slide 4
[2025-06-26 09:05:42,989] INFO in __main__: Starting AE LIW Automation
[2025-06-26 09:05:43,146] INFO in slide_updaters.slide_4: Updating slide 4
[2025-06-26 09:06:59,607] INFO in __main__: Starting AE LIW Automation
[2025-06-26 09:06:59,761] INFO in slide_updaters.slide_4: Updating slide 4
[2025-06-26 09:08:40,306] INFO in __main__: Starting AE LIW Automation
[2025-06-26 09:08:40,458] INFO in slide_updaters.slide_4: Updating slide 4
[2025-06-26 09:09:00,790] INFO in __main__: Starting AE LIW Automation
[2025-06-26 09:09:00,858] INFO in slide_updaters.slide_4: Updating slide 4
[2025-06-27 06:16:50,146] INFO in __main__: Starting AE LIW Automation
[2025-06-27 06:16:50,303] INFO in slide_updaters.slide_4: Updating slide 4
[2025-06-27 06:25:44,996] INFO in __main__: Starting AE LIW Automation
[2025-06-27 06:25:45,074] INFO in slide_updaters.slide_4: Updating slide 4
[2025-06-27 06:27:02,673] INFO in __main__: Starting AE LIW Automation
[2025-06-27 06:27:02,753] INFO in slide_updaters.slide_4: Updating slide 4
[2025-06-27 06:27:55,478] INFO in __main__: Starting AE LIW Automation
[2025-06-27 06:27:55,552] INFO in slide_updaters.slide_4: Updating slide 4
[2025-06-27 06:28:10,583] INFO in __main__: Starting AE LIW Automation
[2025-06-27 06:28:10,660] INFO in slide_updaters.slide_4: Updating slide 4
[2025-06-27 06:28:45,291] INFO in __main__: Starting AE LIW Automation
[2025-06-27 06:28:45,379] INFO in slide_updaters.slide_4: Updating slide 4
[2025-06-27 06:35:00,529] INFO in __main__: Starting AE LIW Automation
[2025-06-27 06:35:00,602] INFO in slide_updaters.slide_4: Updating slide 4
[2025-06-27 06:41:28,275] INFO in __main__: Starting AE LIW Automation
[2025-06-27 06:41:28,353] INFO in slide_updaters.slide_4: Updating slide 4
[2025-06-27 06:45:19,336] INFO in __main__: Starting AE LIW Automation
[2025-06-27 06:45:19,413] INFO in slide_updaters.slide_4: Updating slide 4
[2025-06-27 07:15:56,762] INFO in __main__: Starting AE LIW Automation
[2025-06-27 07:15:56,843] INFO in slide_updaters.slide_4: Updating slide 4
[2025-06-27 07:17:52,596] INFO in __main__: Starting AE LIW Automation
[2025-06-27 07:17:52,670] INFO in slide_updaters.slide_4: Updating slide 4
[2025-06-27 07:20:08,474] INFO in __main__: Starting AE LIW Automation
[2025-06-27 07:20:08,634] INFO in slide_updaters.slide_4: Updating slide 4
[2025-06-27 07:20:29,455] INFO in slide_updaters.slide_7: Updating slide 7
[2025-06-27 07:29:11,318] INFO in __main__: Starting AE LIW Automation
[2025-06-27 07:29:11,470] INFO in slide_updaters.slide_4: Updating slide 4
[2025-06-27 07:29:15,846] INFO in slide_updaters.slide_7: Updating slide 7
[2025-06-27 07:30:20,233] INFO in __main__: Starting AE LIW Automation
[2025-06-27 07:30:20,380] INFO in slide_updaters.slide_4: Updating slide 4
[2025-06-27 07:30:26,623] INFO in slide_updaters.slide_7: Updating slide 7
[2025-06-27 07:32:08,406] INFO in __main__: Starting AE LIW Automation
[2025-06-27 07:32:08,558] INFO in slide_updaters.slide_4: Updating slide 4
[2025-06-27 07:32:15,909] INFO in slide_updaters.slide_7: Updating slide 7
[2025-06-27 07:39:51,701] INFO in __main__: Starting AE LIW Automation
[2025-06-27 07:39:51,771] INFO in slide_updaters.slide_4: Updating slide 4
[2025-06-27 07:39:51,778] INFO in slide_updaters.slide_7: Updating slide 7
[2025-06-28 07:01:43,331] INFO in __main__: Starting AE LIW Automation
[2025-06-28 07:01:43,489] INFO in slide_updaters.slide_4: Updating slide 4
[2025-06-28 07:01:51,811] INFO in slide_updaters.slide_7: Updating slide 7
[2025-06-28 07:05:34,416] INFO in __main__: Starting AE LIW Automation
[2025-06-28 07:05:34,572] INFO in slide_updaters.slide_4: Updating slide 4
[2025-06-28 07:05:34,591] INFO in helper_modules.get_chart_object_by_name: Chart shape Chart 6 not found, returning empty chart object
[2025-06-28 07:05:34,591] INFO in helper_modules.get_chart_object_by_name: Chart shape Chart 6 not found, returning empty chart object
[2025-06-28 07:05:34,591] INFO in helper_modules.get_chart_object_by_name: Chart shape Chart 6 not found, returning empty chart object
[2025-06-28 07:05:39,415] INFO in slide_updaters.slide_7: Updating slide 7
[2025-06-28 07:05:46,441] INFO in AE_LIW_automation.helper_modules.get_chart_object_by_name: Chart shape Content Placeholder 10 not found, returning empty chart object
[2025-06-28 07:05:52,135] INFO in AE_LIW_automation.helper_modules.get_chart_object_by_name: Chart shape Content Placeholder 10 not found, returning empty chart object
[2025-06-28 07:06:48,872] INFO in __main__: Starting AE LIW Automation
[2025-06-28 07:06:49,035] INFO in slide_updaters.slide_4: Updating slide 4
[2025-06-28 07:06:49,056] INFO in helper_modules.get_chart_object_by_name: Chart shape Chart 6 not found, returning empty chart object
[2025-06-28 07:06:49,056] INFO in helper_modules.get_chart_object_by_name: Chart shape Chart 6 not found, returning empty chart object
[2025-06-28 07:06:49,056] INFO in helper_modules.get_chart_object_by_name: Chart shape Chart 6 not found, returning empty chart object
[2025-06-28 07:06:54,194] INFO in slide_updaters.slide_7: Updating slide 7
[2025-06-28 07:07:00,683] INFO in AE_LIW_automation.helper_modules.get_chart_object_by_name: Chart shape Content Placeholder 10 not found, returning empty chart object
[2025-06-28 07:07:09,100] INFO in __main__: Starting AE LIW Automation
[2025-06-28 07:07:09,249] INFO in slide_updaters.slide_4: Updating slide 4
[2025-06-28 07:07:12,529] INFO in slide_updaters.slide_7: Updating slide 7
[2025-06-28 07:22:10,863] INFO in __main__: Starting AE LIW Automation
[2025-06-28 07:22:11,018] INFO in slide_updaters.slide_4: Updating slide 4
[2025-06-28 07:22:17,321] INFO in slide_updaters.slide_7: Updating slide 7
[2025-06-28 07:24:03,896] INFO in __main__: Starting AE LIW Automation
[2025-06-28 07:24:04,041] INFO in slide_updaters.slide_4: Updating slide 4
[2025-06-28 07:24:10,565] INFO in slide_updaters.slide_7: Updating slide 7
[2025-06-28 07:25:31,308] INFO in __main__: Starting AE LIW Automation
[2025-06-28 07:25:31,461] INFO in slide_updaters.slide_4: Updating slide 4
[2025-06-28 07:25:32,553] INFO in slide_updaters.slide_7: Updating slide 7
[2025-06-28 07:37:42,598] INFO in __main__: Starting AE LIW Automation
[2025-06-28 07:37:42,749] INFO in slide_updaters.slide_4: Updating slide 4
[2025-06-28 07:37:49,401] INFO in slide_updaters.slide_7: Updating slide 7
[2025-06-28 07:38:14,611] INFO in __main__: Starting AE LIW Automation
[2025-06-28 07:38:14,767] INFO in slide_updaters.slide_4: Updating slide 4
[2025-06-28 07:38:16,937] INFO in slide_updaters.slide_7: Updating slide 7
[2025-06-28 07:44:18,186] INFO in __main__: Starting AE LIW Automation
[2025-06-28 07:44:18,338] INFO in slide_updaters.slide_4: Updating slide 4
[2025-06-28 07:44:20,328] INFO in slide_updaters.slide_7: Updating slide 7
[2025-06-28 07:49:46,608] INFO in __main__: Starting AE LIW Automation
[2025-06-28 07:49:46,761] INFO in slide_updaters.slide_4: Updating slide 4
[2025-06-28 07:49:47,988] INFO in slide_updaters.slide_7: Updating slide 7
[2025-06-28 07:54:27,736] INFO in __main__: Starting AE LIW Automation
[2025-06-28 07:54:27,893] INFO in slide_updaters.slide_4: Updating slide 4
[2025-06-28 07:54:32,232] INFO in slide_updaters.slide_7: Updating slide 7
[2025-06-28 07:56:23,202] INFO in __main__: Starting AE LIW Automation
[2025-06-28 07:56:23,358] INFO in slide_updaters.slide_4: Updating slide 4
[2025-06-28 07:56:27,059] INFO in slide_updaters.slide_7: Updating slide 7
[2025-06-28 07:58:50,753] INFO in __main__: Starting AE LIW Automation
[2025-06-28 07:58:51,040] INFO in slide_updaters.slide_4: Updating slide 4
[2025-06-28 07:58:51,093] INFO in slide_updaters.slide_7: Updating slide 7
[2025-06-28 07:59:16,619] INFO in __main__: Starting AE LIW Automation
[2025-06-28 07:59:16,773] INFO in slide_updaters.slide_4: Updating slide 4
[2025-06-28 07:59:16,802] INFO in slide_updaters.slide_7: Updating slide 7
[2025-06-28 08:16:24,899] INFO in __main__: Starting AE LIW Automation
[2025-06-28 08:16:25,056] INFO in slide_updaters.slide_4: Updating slide 4
[2025-06-28 08:16:25,086] INFO in slide_updaters.slide_7: Updating slide 7
[2025-06-28 08:17:03,524] INFO in __main__: Starting AE LIW Automation
[2025-06-28 08:17:03,682] INFO in slide_updaters.slide_4: Updating slide 4
[2025-06-28 08:17:03,710] INFO in slide_updaters.slide_7: Updating slide 7
[2025-06-28 08:24:16,813] INFO in __main__: Starting AE LIW Automation
[2025-06-28 08:24:16,969] INFO in slide_updaters.slide_4: Updating slide 4
[2025-06-28 08:24:16,996] INFO in slide_updaters.slide_7: Updating slide 7
[2025-06-28 08:25:42,204] INFO in __main__: Starting AE LIW Automation
[2025-06-28 08:25:42,362] INFO in slide_updaters.slide_4: Updating slide 4
[2025-06-28 08:25:42,390] INFO in slide_updaters.slide_7: Updating slide 7
[2025-06-28 08:26:04,807] INFO in __main__: Starting AE LIW Automation
[2025-06-28 08:26:04,956] INFO in slide_updaters.slide_4: Updating slide 4
[2025-06-28 08:26:04,985] INFO in slide_updaters.slide_7: Updating slide 7
[2025-06-28 08:26:46,866] INFO in __main__: Starting AE LIW Automation
[2025-06-28 08:26:47,021] INFO in slide_updaters.slide_4: Updating slide 4
[2025-06-28 08:26:47,050] INFO in slide_updaters.slide_7: Updating slide 7
[2025-06-28 08:27:40,928] INFO in __main__: Starting AE LIW Automation
[2025-06-28 08:27:41,083] INFO in slide_updaters.slide_4: Updating slide 4
[2025-06-28 08:27:41,111] INFO in slide_updaters.slide_7: Updating slide 7
[2025-06-28 08:34:13,944] INFO in __main__: Starting AE LIW Automation
[2025-06-28 08:34:14,099] INFO in slide_updaters.slide_4: Updating slide 4
[2025-06-28 08:34:14,127] INFO in slide_updaters.slide_7: Updating slide 7
[2025-06-28 08:35:06,217] INFO in __main__: Starting AE LIW Automation
[2025-06-28 08:35:06,373] INFO in slide_updaters.slide_4: Updating slide 4
[2025-06-28 08:35:06,401] INFO in slide_updaters.slide_7: Updating slide 7
[2025-06-28 08:36:27,851] INFO in __main__: Starting AE LIW Automation
[2025-06-28 08:36:28,003] INFO in slide_updaters.slide_4: Updating slide 4
[2025-06-28 08:36:28,031] INFO in slide_updaters.slide_7: Updating slide 7
[2025-06-28 08:37:17,127] INFO in __main__: Starting AE LIW Automation
[2025-06-28 08:37:17,283] INFO in slide_updaters.slide_4: Updating slide 4
[2025-06-28 08:37:17,312] INFO in slide_updaters.slide_7: Updating slide 7
[2025-06-28 08:38:03,816] INFO in __main__: Starting AE LIW Automation
[2025-06-28 08:38:03,971] INFO in slide_updaters.slide_4: Updating slide 4
[2025-06-28 08:38:03,998] INFO in slide_updaters.slide_7: Updating slide 7
[2025-06-28 08:39:39,383] INFO in __main__: Starting AE LIW Automation
[2025-06-28 08:39:39,540] INFO in slide_updaters.slide_4: Updating slide 4
[2025-06-28 08:39:39,567] INFO in slide_updaters.slide_7: Updating slide 7
[2025-06-28 08:43:27,312] INFO in __main__: Starting AE LIW Automation
[2025-06-28 08:43:27,471] INFO in slide_updaters.slide_4: Updating slide 4
[2025-06-28 08:43:27,501] INFO in slide_updaters.slide_7: Updating slide 7
[2025-06-28 08:45:44,083] INFO in __main__: Starting AE LIW Automation
[2025-06-28 08:45:44,237] INFO in slide_updaters.slide_4: Updating slide 4
[2025-06-28 08:45:44,265] INFO in slide_updaters.slide_7: Updating slide 7
[2025-06-28 08:47:06,744] INFO in __main__: Starting AE LIW Automation
[2025-06-28 08:47:06,907] INFO in slide_updaters.slide_4: Updating slide 4
[2025-06-28 08:47:06,937] INFO in slide_updaters.slide_7: Updating slide 7
[2025-06-28 08:48:07,884] INFO in __main__: Starting AE LIW Automation
[2025-06-28 08:48:08,051] INFO in slide_updaters.slide_4: Updating slide 4
[2025-06-28 08:48:08,080] INFO in slide_updaters.slide_7: Updating slide 7
[2025-06-28 08:48:39,273] INFO in __main__: Starting AE LIW Automation
[2025-06-28 08:48:39,432] INFO in slide_updaters.slide_4: Updating slide 4
[2025-06-28 08:48:39,460] INFO in slide_updaters.slide_7: Updating slide 7
[2025-06-28 08:55:10,730] INFO in __main__: Starting AE LIW Automation
[2025-06-28 08:55:10,881] INFO in slide_updaters.slide_4: Updating slide 4
[2025-06-28 08:55:10,908] INFO in slide_updaters.slide_7: Updating slide 7
[2025-06-28 08:56:06,316] INFO in __main__: Starting AE LIW Automation
[2025-06-28 08:56:06,388] INFO in slide_updaters.slide_4: Updating slide 4
[2025-06-28 08:56:06,395] INFO in slide_updaters.slide_7: Updating slide 7
[2025-06-29 07:13:58,451] INFO in __main__: Starting AE LIW Automation
[2025-06-29 07:13:58,532] INFO in slide_updaters.slide_4: Updating slide 4
[2025-06-29 07:13:58,540] INFO in slide_updaters.slide_7: Updating slide 7
[2025-06-29 07:14:07,509] INFO in __main__: Starting AE LIW Automation
[2025-06-29 07:14:07,658] INFO in slide_updaters.slide_4: Updating slide 4
[2025-06-29 07:14:07,685] INFO in slide_updaters.slide_7: Updating slide 7
[2025-06-29 07:15:48,307] INFO in __main__: Starting AE LIW Automation
[2025-06-29 07:15:48,460] INFO in slide_updaters.slide_4: Updating slide 4
[2025-06-29 07:15:48,487] INFO in slide_updaters.slide_7: Updating slide 7
[2025-06-29 07:17:53,103] INFO in __main__: Starting AE LIW Automation
[2025-06-29 07:17:53,173] INFO in slide_updaters.slide_4: Updating slide 4
[2025-06-29 07:17:53,180] INFO in slide_updaters.slide_7: Updating slide 7
[2025-06-29 07:18:51,406] INFO in __main__: Starting AE LIW Automation
[2025-06-29 07:18:51,562] INFO in slide_updaters.slide_4: Updating slide 4
[2025-06-29 07:18:51,589] INFO in slide_updaters.slide_7: Updating slide 7
[2025-06-29 07:21:41,164] INFO in __main__: Starting AE LIW Automation
[2025-06-29 07:21:41,318] INFO in slide_updaters.slide_4: Updating slide 4
[2025-06-29 07:21:41,346] INFO in slide_updaters.slide_7: Updating slide 7
[2025-06-29 07:37:26,219] INFO in __main__: Starting AE LIW Automation
[2025-06-29 07:37:26,373] INFO in slide_updaters.slide_4: Updating slide 4
[2025-06-29 07:37:26,401] INFO in slide_updaters.slide_7: Updating slide 7
[2025-06-29 07:38:11,655] INFO in __main__: Starting AE LIW Automation
[2025-06-29 07:38:11,809] INFO in slide_updaters.slide_4: Updating slide 4
[2025-06-29 07:38:11,837] INFO in slide_updaters.slide_7: Updating slide 7
[2025-06-29 07:39:20,130] INFO in __main__: Starting AE LIW Automation
[2025-06-29 07:39:20,284] INFO in slide_updaters.slide_4: Updating slide 4
[2025-06-29 07:39:20,311] INFO in slide_updaters.slide_7: Updating slide 7
[2025-06-29 07:40:49,761] INFO in __main__: Starting AE LIW Automation
[2025-06-29 07:40:49,910] INFO in slide_updaters.slide_4: Updating slide 4
[2025-06-29 07:40:49,938] INFO in slide_updaters.slide_7: Updating slide 7
[2025-06-29 07:45:35,839] INFO in __main__: Starting AE LIW Automation
[2025-06-29 07:45:35,993] INFO in slide_updaters.slide_4: Updating slide 4
[2025-06-29 07:45:36,021] INFO in slide_updaters.slide_7: Updating slide 7
[2025-06-29 07:47:08,978] INFO in __main__: Starting AE LIW Automation
[2025-06-29 07:47:09,128] INFO in slide_updaters.slide_4: Updating slide 4
[2025-06-29 07:47:09,156] INFO in slide_updaters.slide_7: Updating slide 7
[2025-06-29 07:48:44,266] INFO in __main__: Starting AE LIW Automation
[2025-06-29 07:48:44,422] INFO in slide_updaters.slide_4: Updating slide 4
[2025-06-29 07:48:44,448] INFO in slide_updaters.slide_7: Updating slide 7
[2025-06-29 07:52:05,704] INFO in __main__: Starting AE LIW Automation
[2025-06-29 07:52:05,857] INFO in slide_updaters.slide_4: Updating slide 4
[2025-06-29 07:52:05,886] INFO in slide_updaters.slide_7: Updating slide 7
[2025-06-29 07:53:46,553] INFO in __main__: Starting AE LIW Automation
[2025-06-29 07:53:46,705] INFO in slide_updaters.slide_4: Updating slide 4
[2025-06-29 07:53:46,733] INFO in slide_updaters.slide_7: Updating slide 7
[2025-06-29 07:55:45,159] INFO in __main__: Starting AE LIW Automation
[2025-06-29 07:55:45,314] INFO in slide_updaters.slide_4: Updating slide 4
[2025-06-29 07:55:45,341] INFO in slide_updaters.slide_7: Updating slide 7
[2025-06-29 07:56:42,022] INFO in __main__: Starting AE LIW Automation
[2025-06-29 07:56:42,174] INFO in slide_updaters.slide_4: Updating slide 4
[2025-06-29 07:56:42,202] INFO in slide_updaters.slide_7: Updating slide 7
[2025-06-29 07:59:40,957] INFO in __main__: Starting AE LIW Automation
[2025-06-29 07:59:41,108] INFO in slide_updaters.slide_4: Updating slide 4
[2025-06-29 07:59:41,136] INFO in slide_updaters.slide_7: Updating slide 7
[2025-06-29 08:00:20,297] INFO in __main__: Starting AE LIW Automation
[2025-06-29 08:00:20,453] INFO in slide_updaters.slide_4: Updating slide 4
[2025-06-29 08:00:20,480] INFO in slide_updaters.slide_7: Updating slide 7
[2025-06-29 08:01:12,768] INFO in __main__: Starting AE LIW Automation
[2025-06-29 08:01:12,923] INFO in slide_updaters.slide_4: Updating slide 4
[2025-06-29 08:01:12,950] INFO in slide_updaters.slide_7: Updating slide 7
[2025-06-29 08:05:29,654] INFO in __main__: Starting AE LIW Automation
[2025-06-29 08:05:29,808] INFO in slide_updaters.slide_4: Updating slide 4
[2025-06-29 08:05:29,837] INFO in slide_updaters.slide_7: Updating slide 7
[2025-06-29 08:08:05,351] INFO in __main__: Starting AE LIW Automation
[2025-06-29 08:08:05,515] INFO in slide_updaters.slide_4: Updating slide 4
[2025-06-29 08:08:05,545] INFO in slide_updaters.slide_7: Updating slide 7
[2025-06-29 08:13:43,071] INFO in __main__: Starting AE LIW Automation
[2025-06-29 08:13:43,227] INFO in slide_updaters.slide_4: Updating slide 4
[2025-06-29 08:13:43,256] INFO in slide_updaters.slide_7: Updating slide 7
[2025-06-29 08:14:11,927] INFO in __main__: Starting AE LIW Automation
[2025-06-29 08:14:12,086] INFO in slide_updaters.slide_4: Updating slide 4
[2025-06-29 08:14:12,115] INFO in slide_updaters.slide_7: Updating slide 7
[2025-06-29 08:15:18,297] INFO in __main__: Starting AE LIW Automation
[2025-06-29 08:15:18,461] INFO in slide_updaters.slide_4: Updating slide 4
[2025-06-29 08:15:18,491] INFO in slide_updaters.slide_7: Updating slide 7
[2025-06-29 08:17:51,559] INFO in __main__: Starting AE LIW Automation
[2025-06-29 08:17:51,715] INFO in slide_updaters.slide_4: Updating slide 4
[2025-06-29 08:17:51,742] INFO in slide_updaters.slide_7: Updating slide 7
[2025-06-29 08:22:04,968] INFO in __main__: Starting AE LIW Automation
[2025-06-29 08:22:05,122] INFO in slide_updaters.slide_4: Updating slide 4
[2025-06-29 08:22:05,150] INFO in slide_updaters.slide_7: Updating slide 7
[2025-06-29 08:23:59,150] INFO in __main__: Starting AE LIW Automation
[2025-06-29 08:23:59,223] INFO in slide_updaters.slide_4: Updating slide 4
[2025-06-29 08:23:59,232] INFO in slide_updaters.slide_7: Updating slide 7
[2025-06-29 08:34:02,506] INFO in __main__: Starting AE LIW Automation
[2025-06-29 08:34:02,601] INFO in slide_updaters.slide_4: Updating slide 4
[2025-06-29 08:34:02,618] INFO in slide_updaters.slide_7: Updating slide 7
[2025-06-29 08:34:02,626] INFO in /Users/patescalona/Projects/Coding/Python/report_automation/AE_LIW_automation/src/AE_LIW_automation/slide_updaters/slide_8.py: Updating slide 8
[2025-06-29 08:34:02,647] INFO in /Users/patescalona/Projects/Coding/Python/report_automation/AE_LIW_automation/src/AE_LIW_automation/slide_updaters/slide_8.py: Update of slide 8 complete.
Manually remove rows where all values are zero.
Manually adjust position and size of the table.
[2025-06-29 08:35:36,113] INFO in __main__: Starting AE LIW Automation
[2025-06-29 08:35:36,183] INFO in slide_updaters.slide_4: Updating slide 4
[2025-06-29 08:35:36,190] INFO in slide_updaters.slide_7: Updating slide 7
[2025-06-29 08:35:36,195] INFO in slide_updaters.slide_8: Updating slide 8
[2025-06-29 08:35:36,210] INFO in slide_updaters.slide_8: Update of slide 8 complete.
Manually remove rows where all values are zero.
Manually adjust position and size of the table.
[2025-06-29 08:38:53,477] INFO in __main__: Starting AE LIW Automation
[2025-06-29 08:38:53,630] INFO in slide_updaters.slide_4: Updating slide 4
[2025-06-29 08:38:53,657] INFO in slide_updaters.slide_7: Updating slide 7
[2025-06-29 08:38:53,670] INFO in slide_updaters.slide_8: Updating slide 8
[2025-06-29 08:38:53,726] INFO in slide_updaters.slide_8: Update of slide 8 complete.
Manually remove rows where all values are zero.
Manually adjust position and size of the table.
[2025-06-29 08:41:47,501] INFO in __main__: Starting AE LIW Automation
[2025-06-29 08:41:47,657] INFO in slide_updaters.slide_4: Updating slide 4
[2025-06-29 08:41:47,684] INFO in slide_updaters.slide_7: Updating slide 7
[2025-06-29 08:41:47,697] INFO in slide_updaters.slide_8: Updating slide 8
[2025-06-29 08:41:47,750] INFO in slide_updaters.slide_8: Update of slide 8 complete.
Manually remove rows where all values are zero.
Manually adjust position and size of the table.
[2025-06-29 08:41:47,750] INFO in slide_updaters.slide_9: Updating slide 9
[2025-06-29 08:52:55,799] INFO in __main__: Starting AE LIW Automation
[2025-06-29 08:52:55,874] INFO in slide_updaters.slide_4: Updating slide 4
[2025-06-29 08:52:55,883] INFO in slide_updaters.slide_7: Updating slide 7
[2025-06-29 08:52:55,887] INFO in slide_updaters.slide_8: Updating slide 8
[2025-06-29 08:52:55,903] INFO in slide_updaters.slide_8: Update of slide 8 complete.
Manually remove rows where all values are zero.
Manually adjust position and size of the table.
[2025-06-29 08:52:55,903] INFO in slide_updaters.slide_9: Updating slide 9
[2025-06-29 08:52:55,910] INFO in slide_updaters.slide_15: Updating slide 15
[2025-06-29 08:58:10,958] INFO in __main__: Starting AE LIW Automation
[2025-06-29 08:58:11,029] INFO in slide_updaters.slide_4: Updating slide 4
[2025-06-29 08:58:11,037] INFO in slide_updaters.slide_7: Updating slide 7
[2025-06-29 08:58:11,041] INFO in slide_updaters.slide_8: Updating slide 8
[2025-06-29 08:58:11,056] INFO in slide_updaters.slide_8: Update of slide 8 complete.
Manually remove rows where all values are zero.
Manually adjust position and size of the table.
[2025-06-29 08:58:11,056] INFO in slide_updaters.slide_9: Updating slide 9
[2025-06-29 08:58:11,063] INFO in slide_updaters.slide_15: Updating slide 15
[2025-06-29 08:58:11,074] INFO in slide_updaters.slide_29: Updating slide 29
[2025-06-29 09:00:01,634] INFO in __main__: Starting AE LIW Automation
[2025-06-29 09:00:01,810] INFO in slide_updaters.slide_4: Updating slide 4
[2025-06-29 09:00:01,838] INFO in slide_updaters.slide_7: Updating slide 7
[2025-06-29 09:00:01,852] INFO in slide_updaters.slide_8: Updating slide 8
[2025-06-29 09:00:01,904] INFO in slide_updaters.slide_8: Update of slide 8 complete.
Manually remove rows where all values are zero.
Manually adjust position and size of the table.
[2025-06-29 09:00:01,904] INFO in slide_updaters.slide_9: Updating slide 9
[2025-06-29 09:00:08,023] INFO in slide_updaters.slide_15: Updating slide 15
[2025-06-29 09:00:08,071] INFO in slide_updaters.slide_29: Updating slide 29
[2025-06-29 09:01:15,120] INFO in __main__: Starting AE LIW Automation
[2025-06-29 09:01:15,379] INFO in slide_updaters.slide_4: Updating slide 4
[2025-06-29 09:01:15,436] INFO in slide_updaters.slide_7: Updating slide 7
[2025-06-29 09:01:15,458] INFO in slide_updaters.slide_8: Updating slide 8
[2025-06-29 09:01:15,585] INFO in slide_updaters.slide_8: Update of slide 8 complete.
Manually remove rows where all values are zero.
Manually adjust position and size of the table.
[2025-06-29 09:01:15,586] INFO in slide_updaters.slide_9: Updating slide 9
[2025-06-29 09:01:15,633] INFO in slide_updaters.slide_15: Updating slide 15
[2025-06-29 09:01:15,716] INFO in slide_updaters.slide_29: Updating slide 29
[2025-06-29 09:04:44,565] INFO in __main__: Starting AE LIW Automation
[2025-06-29 09:04:44,638] INFO in slide_updaters.slide_4: Updating slide 4
[2025-06-29 09:04:44,646] INFO in slide_updaters.slide_7: Updating slide 7
[2025-06-29 09:04:59,402] INFO in __main__: Starting AE LIW Automation
[2025-06-29 09:04:59,474] INFO in slide_updaters.slide_4: Updating slide 4
[2025-06-29 09:04:59,482] INFO in slide_updaters.slide_7: Updating slide 7
[2025-06-29 09:04:59,486] INFO in slide_updaters.slide_8: Updating slide 8
[2025-06-29 09:04:59,502] INFO in slide_updaters.slide_8: Update of slide 8 complete.
Manually remove rows where all values are zero.
Manually adjust position and size of the table.
[2025-06-29 09:04:59,502] INFO in slide_updaters.slide_9: Updating slide 9
[2025-06-29 09:05:11,049] INFO in __main__: Starting AE LIW Automation
[2025-06-29 09:05:11,120] INFO in slide_updaters.slide_4: Updating slide 4
[2025-06-29 09:05:11,127] INFO in slide_updaters.slide_7: Updating slide 7
[2025-06-29 09:05:11,132] INFO in slide_updaters.slide_8: Updating slide 8
[2025-06-29 09:05:11,147] INFO in slide_updaters.slide_8: Update of slide 8 complete.
Manually remove rows where all values are zero.
Manually adjust position and size of the table.
[2025-06-29 09:05:11,147] INFO in slide_updaters.slide_9: Updating slide 9
[2025-06-29 09:05:11,154] INFO in slide_updaters.slide_15: Updating slide 15
[2025-06-29 09:05:11,166] INFO in slide_updaters.slide_29: Updating slide 29
[2025-06-29 09:06:45,258] INFO in __main__: Starting AE LIW Automation
[2025-06-29 09:06:45,335] INFO in slide_updaters.slide_4: Updating slide 4
[2025-06-29 09:06:45,343] INFO in slide_updaters.slide_7: Updating slide 7
[2025-06-29 09:06:45,348] INFO in slide_updaters.slide_8: Updating slide 8
[2025-06-29 09:06:45,364] INFO in slide_updaters.slide_8: Update of slide 8 complete.
Manually remove rows where all values are zero.
Manually adjust position and size of the table.
[2025-06-29 09:06:45,364] INFO in slide_updaters.slide_9: Updating slide 9
[2025-06-29 09:06:45,373] INFO in slide_updaters.slide_15: Updating slide 15
[2025-06-29 09:06:45,385] INFO in slide_updaters.slide_29: Updating slide 29
[2025-06-30 07:10:04,586] INFO in __main__: Starting AE LIW Automation
[2025-06-30 07:10:04,645] INFO in slide_updaters.slide_4: Updating slide 4
[2025-06-30 07:10:04,651] INFO in slide_updaters.slide_7: Updating slide 7
[2025-06-30 07:10:04,655] INFO in slide_updaters.slide_8: Updating slide 8
[2025-06-30 07:10:04,665] INFO in slide_updaters.slide_8: Update of slide 8 complete.
Manually remove rows where all values are zero.
Manually adjust position and size of the table.
[2025-06-30 07:10:04,665] INFO in slide_updaters.slide_9: Updating slide 9
[2025-06-30 07:10:04,670] INFO in slide_updaters.slide_15: Updating slide 15
[2025-06-30 07:10:04,678] INFO in slide_updaters.slide_29: Updating slide 29
[2025-06-30 07:12:17,659] INFO in __main__: Starting AE LIW Automation
[2025-06-30 07:12:17,721] INFO in slide_updaters.slide_4: Updating slide 4
[2025-06-30 07:12:17,728] INFO in slide_updaters.slide_7: Updating slide 7
[2025-06-30 07:12:17,732] INFO in slide_updaters.slide_8: Updating slide 8
[2025-06-30 07:12:17,742] INFO in slide_updaters.slide_8: Update of slide 8 complete.
Manually remove rows where all values are zero.
Manually adjust position and size of the table.
[2025-06-30 07:12:17,743] INFO in slide_updaters.slide_9: Updating slide 9
[2025-06-30 07:12:17,748] INFO in slide_updaters.slide_15: Updating slide 15
[2025-06-30 07:12:17,756] INFO in slide_updaters.slide_29: Updating slide 29
[2025-06-30 07:21:27,226] INFO in __main__: Starting AE LIW Automation
[2025-06-30 07:21:27,291] INFO in slide_updaters.slide_4: Updating slide 4
[2025-06-30 07:21:27,297] INFO in slide_updaters.slide_7: Updating slide 7
[2025-06-30 07:21:27,301] INFO in slide_updaters.slide_8: Updating slide 8
[2025-06-30 07:21:27,311] INFO in slide_updaters.slide_8: Update of slide 8 complete.
Manually remove rows where all values are zero.
Manually adjust position and size of the table.
[2025-06-30 07:21:27,311] INFO in slide_updaters.slide_9: Updating slide 9
[2025-06-30 07:21:27,317] INFO in slide_updaters.slide_15: Updating slide 15
[2025-06-30 07:21:27,325] INFO in slide_updaters.slide_29: Updating slide 29
[2025-06-30 07:21:27,333] INFO in slide_updaters.slide_36: Updating slide 36
[2025-06-30 07:22:49,665] INFO in __main__: Starting AE LIW Automation
[2025-06-30 07:22:49,780] INFO in slide_updaters.slide_4: Updating slide 4
[2025-06-30 07:22:49,799] INFO in slide_updaters.slide_7: Updating slide 7
[2025-06-30 07:22:49,809] INFO in slide_updaters.slide_8: Updating slide 8
[2025-06-30 07:22:49,844] INFO in slide_updaters.slide_8: Update of slide 8 complete.
Manually remove rows where all values are zero.
Manually adjust position and size of the table.
[2025-06-30 07:22:49,844] INFO in slide_updaters.slide_9: Updating slide 9
[2025-06-30 07:22:49,859] INFO in slide_updaters.slide_15: Updating slide 15
[2025-06-30 07:22:49,886] INFO in slide_updaters.slide_29: Updating slide 29
[2025-06-30 07:22:49,913] INFO in slide_updaters.slide_36: Updating slide 36
[2025-06-30 07:24:30,145] INFO in __main__: Starting AE LIW Automation
[2025-06-30 07:24:30,201] INFO in slide_updaters.slide_4: Updating slide 4
[2025-06-30 07:24:30,207] INFO in slide_updaters.slide_7: Updating slide 7
[2025-06-30 07:24:30,210] INFO in slide_updaters.slide_8: Updating slide 8
[2025-06-30 07:24:30,220] INFO in slide_updaters.slide_8: Update of slide 8 complete.
Manually remove rows where all values are zero.
Manually adjust position and size of the table.
[2025-06-30 07:24:30,220] INFO in slide_updaters.slide_9: Updating slide 9
[2025-06-30 07:24:30,226] INFO in slide_updaters.slide_15: Updating slide 15
[2025-06-30 07:24:30,234] INFO in slide_updaters.slide_29: Updating slide 29
[2025-06-30 07:24:30,242] INFO in slide_updaters.slide_36: Updating slide 36
[2025-06-30 07:29:06,848] INFO in __main__: Starting AE LIW Automation
[2025-06-30 07:29:06,913] INFO in slide_updaters.slide_4: Updating slide 4
[2025-06-30 07:29:06,920] INFO in slide_updaters.slide_7: Updating slide 7
[2025-06-30 07:29:06,923] INFO in slide_updaters.slide_8: Updating slide 8
[2025-06-30 07:29:06,934] INFO in slide_updaters.slide_8: Update of slide 8 complete.
Manually remove rows where all values are zero.
Manually adjust position and size of the table.
[2025-06-30 07:29:06,934] INFO in slide_updaters.slide_9: Updating slide 9
[2025-06-30 07:29:06,939] INFO in slide_updaters.slide_15: Updating slide 15
[2025-06-30 07:29:06,947] INFO in slide_updaters.slide_29: Updating slide 29
[2025-06-30 07:29:06,955] INFO in slide_updaters.slide_36: Updating slide 36
[2025-06-30 07:29:06,957] INFO in slide_updaters.slide_38: Updating slide 38
[2025-06-30 07:43:38,107] INFO in __main__: Starting AE LIW Automation
[2025-06-30 07:43:38,170] INFO in slide_updaters.slide_4: Updating slide 4
[2025-06-30 07:43:38,176] INFO in slide_updaters.slide_7: Updating slide 7
[2025-06-30 07:43:38,179] INFO in slide_updaters.slide_8: Updating slide 8
[2025-06-30 07:43:38,189] INFO in slide_updaters.slide_8: Update of slide 8 complete.
Manually remove rows where all values are zero.
Manually adjust position and size of the table.
[2025-06-30 07:43:38,189] INFO in slide_updaters.slide_9: Updating slide 9
[2025-06-30 07:43:38,195] INFO in slide_updaters.slide_15: Updating slide 15
[2025-06-30 07:43:38,203] INFO in slide_updaters.slide_29: Updating slide 29
[2025-06-30 07:43:38,211] INFO in slide_updaters.slide_36: Updating slide 36
[2025-06-30 07:43:38,213] INFO in slide_updaters.slide_38: Updating slide 38
[2025-06-30 07:47:50,013] INFO in __main__: Starting AE LIW Automation
[2025-06-30 07:47:50,077] INFO in slide_updaters.slide_4: Updating slide 4
[2025-06-30 07:47:50,083] INFO in slide_updaters.slide_7: Updating slide 7
[2025-06-30 07:47:50,086] INFO in slide_updaters.slide_8: Updating slide 8
[2025-06-30 07:47:50,096] INFO in slide_updaters.slide_8: Update of slide 8 complete.
Manually remove rows where all values are zero.
Manually adjust position and size of the table.
[2025-06-30 07:47:50,096] INFO in slide_updaters.slide_9: Updating slide 9
[2025-06-30 07:47:50,102] INFO in slide_updaters.slide_15: Updating slide 15
[2025-06-30 07:47:50,109] INFO in slide_updaters.slide_29: Updating slide 29
[2025-06-30 07:47:50,117] INFO in slide_updaters.slide_36: Updating slide 36
[2025-06-30 07:47:50,120] INFO in slide_updaters.slide_38: Updating slide 38
[2025-06-30 07:55:19,016] INFO in __main__: Starting AE LIW Automation
[2025-06-30 07:55:19,076] INFO in slide_updaters.slide_4: Updating slide 4
[2025-06-30 07:55:19,082] INFO in slide_updaters.slide_7: Updating slide 7
[2025-06-30 07:55:19,086] INFO in slide_updaters.slide_8: Updating slide 8
[2025-06-30 07:55:19,096] INFO in slide_updaters.slide_8: Update of slide 8 complete.
Manually remove rows where all values are zero.
Manually adjust position and size of the table.
[2025-06-30 07:55:19,096] INFO in slide_updaters.slide_9: Updating slide 9
[2025-06-30 07:55:19,101] INFO in slide_updaters.slide_15: Updating slide 15
[2025-06-30 07:55:19,109] INFO in slide_updaters.slide_29: Updating slide 29
[2025-06-30 07:55:19,117] INFO in slide_updaters.slide_36: Updating slide 36
[2025-06-30 07:55:19,120] INFO in slide_updaters.slide_38: Updating slide 38
[2025-06-30 07:55:19,122] INFO in slide_updaters.slide_40: Updating slide 40
[2025-06-30 07:58:09,058] INFO in __main__: Starting AE LIW Automation
[2025-06-30 07:58:09,121] INFO in slide_updaters.slide_4: Updating slide 4
[2025-06-30 07:58:09,127] INFO in slide_updaters.slide_7: Updating slide 7
[2025-06-30 07:58:09,131] INFO in slide_updaters.slide_8: Updating slide 8
[2025-06-30 07:58:09,142] INFO in slide_updaters.slide_8: Update of slide 8 complete.
Manually remove rows where all values are zero.
Manually adjust position and size of the table.
[2025-06-30 07:58:09,142] INFO in slide_updaters.slide_9: Updating slide 9
[2025-06-30 07:58:09,148] INFO in slide_updaters.slide_15: Updating slide 15
[2025-06-30 07:58:09,156] INFO in slide_updaters.slide_29: Updating slide 29
[2025-06-30 07:58:09,163] INFO in slide_updaters.slide_36: Updating slide 36
[2025-06-30 07:58:09,166] INFO in slide_updaters.slide_38: Updating slide 38
[2025-06-30 07:58:09,169] INFO in slide_updaters.slide_40: Updating slide 40
[2025-06-30 07:59:08,342] INFO in __main__: Starting AE LIW Automation
[2025-06-30 07:59:08,403] INFO in slide_updaters.slide_4: Updating slide 4
[2025-06-30 07:59:08,409] INFO in slide_updaters.slide_7: Updating slide 7
[2025-06-30 07:59:08,412] INFO in slide_updaters.slide_8: Updating slide 8
[2025-06-30 07:59:08,423] INFO in slide_updaters.slide_8: Update of slide 8 complete.
Manually remove rows where all values are zero.
Manually adjust position and size of the table.
[2025-06-30 07:59:08,423] INFO in slide_updaters.slide_9: Updating slide 9
[2025-06-30 07:59:08,428] INFO in slide_updaters.slide_15: Updating slide 15
[2025-06-30 07:59:08,436] INFO in slide_updaters.slide_29: Updating slide 29
[2025-06-30 07:59:08,444] INFO in slide_updaters.slide_36: Updating slide 36
[2025-06-30 07:59:08,446] INFO in slide_updaters.slide_38: Updating slide 38
[2025-06-30 07:59:08,449] INFO in slide_updaters.slide_40: Updating slide 40
[2025-06-30 07:59:08,452] INFO in slide_updaters.slide_48: Updating slide 48
[2025-07-01 06:22:26,337] INFO in __main__: Starting AE LIW Automation
[2025-07-01 06:22:26,460] INFO in slide_updaters.slide_4: Updating slide 4
[2025-07-01 06:22:26,473] INFO in slide_updaters.slide_6: Updating slide 6
[2025-07-01 06:23:28,329] INFO in __main__: Starting AE LIW Automation
[2025-07-01 06:23:28,386] INFO in slide_updaters.slide_4: Updating slide 4
[2025-07-01 06:23:28,389] INFO in slide_updaters.slide_6: Updating slide 6
[2025-07-01 06:23:28,392] INFO in slide_updaters.slide_7: Updating slide 7
[2025-07-01 06:23:28,396] INFO in slide_updaters.slide_8: Updating slide 8
[2025-07-01 06:23:28,407] INFO in slide_updaters.slide_8: Update of slide 8 complete.
Manually remove rows where all values are zero.
Manually adjust position and size of the table.
[2025-07-01 06:23:28,407] INFO in slide_updaters.slide_9: Updating slide 9
[2025-07-01 06:23:28,412] INFO in slide_updaters.slide_15: Updating slide 15
[2025-07-01 06:23:28,420] INFO in slide_updaters.slide_29: Updating slide 29
[2025-07-01 06:23:28,429] INFO in slide_updaters.slide_36: Updating slide 36
[2025-07-01 06:23:28,432] INFO in slide_updaters.slide_38: Updating slide 38
[2025-07-01 06:23:28,435] INFO in slide_updaters.slide_40: Updating slide 40
[2025-07-01 06:23:28,437] INFO in slide_updaters.slide_48: Updating slide 48
[2025-07-01 06:26:06,841] INFO in __main__: Starting AE LIW Automation
[2025-07-01 06:26:06,902] INFO in slide_updaters.slide_4: Updating slide 4
[2025-07-01 06:26:06,905] INFO in slide_updaters.slide_6: Updating slide 6
[2025-07-01 06:26:06,909] INFO in slide_updaters.slide_7: Updating slide 7
[2025-07-01 06:26:06,912] INFO in slide_updaters.slide_8: Updating slide 8
[2025-07-01 06:26:06,923] INFO in slide_updaters.slide_8: Update of slide 8 complete.
Manually remove rows where all values are zero.
Manually adjust position and size of the table.
[2025-07-01 06:26:06,923] INFO in slide_updaters.slide_9: Updating slide 9
[2025-07-01 06:26:06,929] INFO in slide_updaters.slide_15: Updating slide 15
[2025-07-01 06:26:06,937] INFO in slide_updaters.slide_29: Updating slide 29
[2025-07-01 06:26:06,945] INFO in slide_updaters.slide_36: Updating slide 36
[2025-07-01 06:26:06,949] INFO in slide_updaters.slide_38: Updating slide 38
[2025-07-01 06:26:06,951] INFO in slide_updaters.slide_40: Updating slide 40
[2025-07-01 06:26:06,954] INFO in slide_updaters.slide_48: Updating slide 48
[2025-07-01 06:27:23,617] INFO in __main__: Starting AE LIW Automation
[2025-07-01 06:27:23,677] INFO in slide_updaters.slide_4: Updating slide 4
[2025-07-01 06:27:23,680] INFO in slide_updaters.slide_6: Updating slide 6
[2025-07-01 06:27:23,683] INFO in slide_updaters.slide_7: Updating slide 7
[2025-07-01 06:27:23,686] INFO in slide_updaters.slide_8: Updating slide 8
[2025-07-01 06:27:23,697] INFO in slide_updaters.slide_8: Update of slide 8 complete.
Manually remove rows where all values are zero.
Manually adjust position and size of the table.
[2025-07-01 06:27:23,697] INFO in slide_updaters.slide_9: Updating slide 9
[2025-07-01 06:27:23,700] INFO in slide_updaters.slide_10: Updating slide 10
[2025-07-01 06:27:23,704] INFO in slide_updaters.slide_15: Updating slide 15
[2025-07-01 06:27:23,712] INFO in slide_updaters.slide_29: Updating slide 29
[2025-07-01 06:27:23,720] INFO in slide_updaters.slide_36: Updating slide 36
[2025-07-01 06:27:23,722] INFO in slide_updaters.slide_38: Updating slide 38
[2025-07-01 06:27:23,725] INFO in slide_updaters.slide_40: Updating slide 40
[2025-07-01 06:27:23,727] INFO in slide_updaters.slide_48: Updating slide 48
[2025-07-01 06:28:08,937] INFO in __main__: Starting AE LIW Automation
[2025-07-01 06:28:08,999] INFO in slide_updaters.slide_4: Updating slide 4
[2025-07-01 06:28:09,002] INFO in slide_updaters.slide_6: Updating slide 6
[2025-07-01 06:28:09,005] INFO in slide_updaters.slide_7: Updating slide 7
[2025-07-01 06:28:09,008] INFO in slide_updaters.slide_8: Updating slide 8
[2025-07-01 06:28:09,019] INFO in slide_updaters.slide_8: Update of slide 8 complete.
Manually remove rows where all values are zero.
Manually adjust position and size of the table.
[2025-07-01 06:28:09,019] INFO in slide_updaters.slide_9: Updating slide 9
[2025-07-01 06:28:09,023] INFO in slide_updaters.slide_10: Updating slide 10
[2025-07-01 06:28:09,027] INFO in slide_updaters.slide_15: Updating slide 15
[2025-07-01 06:28:09,035] INFO in slide_updaters.slide_29: Updating slide 29
[2025-07-01 06:28:09,044] INFO in slide_updaters.slide_36: Updating slide 36
[2025-07-01 06:28:09,047] INFO in slide_updaters.slide_38: Updating slide 38
[2025-07-01 06:28:09,049] INFO in slide_updaters.slide_40: Updating slide 40
[2025-07-01 06:28:09,052] INFO in slide_updaters.slide_48: Updating slide 48
[2025-07-01 06:29:30,577] INFO in __main__: Starting AE LIW Automation
[2025-07-01 06:29:30,637] INFO in slide_updaters.slide_4: Updating slide 4
[2025-07-01 06:29:30,641] INFO in slide_updaters.slide_6: Updating slide 6
[2025-07-01 06:29:30,643] INFO in slide_updaters.slide_7: Updating slide 7
[2025-07-01 06:29:30,647] INFO in slide_updaters.slide_8: Updating slide 8
[2025-07-01 06:29:30,658] INFO in slide_updaters.slide_8: Update of slide 8 complete.
Manually remove rows where all values are zero.
Manually adjust position and size of the table.
[2025-07-01 06:29:30,658] INFO in slide_updaters.slide_9: Updating slide 9
[2025-07-01 06:29:30,662] INFO in slide_updaters.slide_10: Updating slide 10
[2025-07-01 06:29:30,666] INFO in slide_updaters.slide_15: Updating slide 15
[2025-07-01 06:29:30,674] INFO in slide_updaters.slide_29: Updating slide 29
[2025-07-01 06:29:30,682] INFO in slide_updaters.slide_36: Updating slide 36
[2025-07-01 06:29:30,684] INFO in slide_updaters.slide_38: Updating slide 38
[2025-07-01 06:29:30,686] INFO in slide_updaters.slide_40: Updating slide 40
[2025-07-01 06:29:30,689] INFO in slide_updaters.slide_48: Updating slide 48
[2025-07-01 06:30:46,345] INFO in __main__: Starting AE LIW Automation
[2025-07-01 06:30:46,459] INFO in slide_updaters.slide_4: Updating slide 4
[2025-07-01 06:30:46,471] INFO in slide_updaters.slide_6: Updating slide 6
[2025-07-01 06:31:54,828] INFO in slide_updaters.slide_7: Updating slide 7
[2025-07-01 06:31:54,844] INFO in slide_updaters.slide_8: Updating slide 8
[2025-07-01 06:31:54,885] INFO in slide_updaters.slide_8: Update of slide 8 complete.
Manually remove rows where all values are zero.
Manually adjust position and size of the table.
[2025-07-01 06:31:54,885] INFO in slide_updaters.slide_9: Updating slide 9
[2025-07-01 06:31:54,896] INFO in slide_updaters.slide_10: Updating slide 10
[2025-07-01 06:52:38,196] INFO in __main__: Starting AE LIW Automation
[2025-07-01 06:52:38,308] INFO in slide_updaters.slide_4: Updating slide 4
[2025-07-01 06:52:38,320] INFO in slide_updaters.slide_6: Updating slide 6
[2025-07-01 06:52:38,327] INFO in slide_updaters.slide_7: Updating slide 7
[2025-07-01 06:52:38,336] INFO in slide_updaters.slide_8: Updating slide 8
[2025-07-01 06:52:38,370] INFO in slide_updaters.slide_8: Update of slide 8 complete.
Manually remove rows where all values are zero.
Manually adjust position and size of the table.
[2025-07-01 06:52:38,370] INFO in slide_updaters.slide_9: Updating slide 9
[2025-07-01 06:52:38,380] INFO in slide_updaters.slide_10: Updating slide 10
[2025-07-01 06:53:57,434] INFO in __main__: Starting AE LIW Automation
[2025-07-01 06:53:57,546] INFO in slide_updaters.slide_4: Updating slide 4
[2025-07-01 06:53:57,558] INFO in slide_updaters.slide_6: Updating slide 6
[2025-07-01 06:53:57,564] INFO in slide_updaters.slide_7: Updating slide 7
[2025-07-01 06:53:57,573] INFO in slide_updaters.slide_8: Updating slide 8
[2025-07-01 06:53:57,608] INFO in slide_updaters.slide_8: Update of slide 8 complete.
Manually remove rows where all values are zero.
Manually adjust position and size of the table.
[2025-07-01 06:53:57,608] INFO in slide_updaters.slide_9: Updating slide 9
[2025-07-01 06:53:57,618] INFO in slide_updaters.slide_10: Updating slide 10
[2025-07-01 06:54:49,583] INFO in __main__: Starting AE LIW Automation
[2025-07-01 06:54:49,694] INFO in slide_updaters.slide_4: Updating slide 4
[2025-07-01 06:54:49,706] INFO in slide_updaters.slide_6: Updating slide 6
[2025-07-01 06:54:49,713] INFO in slide_updaters.slide_7: Updating slide 7
[2025-07-01 06:54:49,722] INFO in slide_updaters.slide_8: Updating slide 8
[2025-07-01 06:54:49,757] INFO in slide_updaters.slide_8: Update of slide 8 complete.
Manually remove rows where all values are zero.
Manually adjust position and size of the table.
[2025-07-01 06:54:49,757] INFO in slide_updaters.slide_9: Updating slide 9
[2025-07-01 06:54:49,767] INFO in slide_updaters.slide_10: Updating slide 10
[2025-07-01 06:55:51,676] INFO in __main__: Starting AE LIW Automation
[2025-07-01 06:55:51,789] INFO in slide_updaters.slide_4: Updating slide 4
[2025-07-01 06:55:51,802] INFO in slide_updaters.slide_6: Updating slide 6
[2025-07-01 06:55:51,809] INFO in slide_updaters.slide_7: Updating slide 7
[2025-07-01 06:55:51,818] INFO in slide_updaters.slide_8: Updating slide 8
[2025-07-01 06:55:51,854] INFO in slide_updaters.slide_8: Update of slide 8 complete.
Manually remove rows where all values are zero.
Manually adjust position and size of the table.
[2025-07-01 06:55:51,855] INFO in slide_updaters.slide_9: Updating slide 9
[2025-07-01 06:55:51,865] INFO in slide_updaters.slide_10: Updating slide 10
[2025-07-01 06:57:10,089] INFO in __main__: Starting AE LIW Automation
[2025-07-01 06:57:10,202] INFO in slide_updaters.slide_4: Updating slide 4
[2025-07-01 06:57:10,214] INFO in slide_updaters.slide_6: Updating slide 6
[2025-07-01 06:57:10,220] INFO in slide_updaters.slide_7: Updating slide 7
[2025-07-01 06:57:10,230] INFO in slide_updaters.slide_8: Updating slide 8
[2025-07-01 06:57:10,266] INFO in slide_updaters.slide_8: Update of slide 8 complete.
Manually remove rows where all values are zero.
Manually adjust position and size of the table.
[2025-07-01 06:57:10,267] INFO in slide_updaters.slide_9: Updating slide 9
[2025-07-01 06:57:10,276] INFO in slide_updaters.slide_10: Updating slide 10
[2025-07-01 06:58:18,555] INFO in __main__: Starting AE LIW Automation
[2025-07-01 06:58:18,665] INFO in slide_updaters.slide_4: Updating slide 4
[2025-07-01 06:58:18,677] INFO in slide_updaters.slide_6: Updating slide 6
[2025-07-01 06:58:18,683] INFO in slide_updaters.slide_7: Updating slide 7
[2025-07-01 06:58:18,693] INFO in slide_updaters.slide_8: Updating slide 8
[2025-07-01 06:58:18,728] INFO in slide_updaters.slide_8: Update of slide 8 complete.
Manually remove rows where all values are zero.
Manually adjust position and size of the table.
[2025-07-01 06:58:18,728] INFO in slide_updaters.slide_9: Updating slide 9
[2025-07-01 06:58:18,739] INFO in slide_updaters.slide_10: Updating slide 10
[2025-07-01 06:58:57,043] INFO in __main__: Starting AE LIW Automation
[2025-07-01 06:58:57,157] INFO in slide_updaters.slide_4: Updating slide 4
[2025-07-01 06:58:57,170] INFO in slide_updaters.slide_6: Updating slide 6
[2025-07-01 06:58:57,176] INFO in slide_updaters.slide_7: Updating slide 7
[2025-07-01 06:58:57,186] INFO in slide_updaters.slide_8: Updating slide 8
[2025-07-01 06:58:57,221] INFO in slide_updaters.slide_8: Update of slide 8 complete.
Manually remove rows where all values are zero.
Manually adjust position and size of the table.
[2025-07-01 06:58:57,221] INFO in slide_updaters.slide_9: Updating slide 9
[2025-07-01 06:58:57,231] INFO in slide_updaters.slide_10: Updating slide 10
[2025-07-01 07:01:29,686] INFO in __main__: Starting AE LIW Automation
[2025-07-01 07:01:29,798] INFO in slide_updaters.slide_4: Updating slide 4
[2025-07-01 07:01:29,810] INFO in slide_updaters.slide_6: Updating slide 6
[2025-07-01 07:01:29,816] INFO in slide_updaters.slide_7: Updating slide 7
[2025-07-01 07:01:29,825] INFO in slide_updaters.slide_8: Updating slide 8
[2025-07-01 07:01:29,859] INFO in slide_updaters.slide_8: Update of slide 8 complete.
Manually remove rows where all values are zero.
Manually adjust position and size of the table.
[2025-07-01 07:01:29,860] INFO in slide_updaters.slide_9: Updating slide 9
[2025-07-01 07:01:29,869] INFO in slide_updaters.slide_10: Updating slide 10
[2025-07-01 07:02:27,032] INFO in __main__: Starting AE LIW Automation
[2025-07-01 07:02:27,148] INFO in slide_updaters.slide_4: Updating slide 4
[2025-07-01 07:02:27,160] INFO in slide_updaters.slide_6: Updating slide 6
[2025-07-01 07:02:27,167] INFO in slide_updaters.slide_7: Updating slide 7
[2025-07-01 07:02:27,176] INFO in slide_updaters.slide_8: Updating slide 8
[2025-07-01 07:02:27,211] INFO in slide_updaters.slide_8: Update of slide 8 complete.
Manually remove rows where all values are zero.
Manually adjust position and size of the table.
[2025-07-01 07:02:27,211] INFO in slide_updaters.slide_9: Updating slide 9
[2025-07-01 07:02:27,221] INFO in slide_updaters.slide_10: Updating slide 10
[2025-07-01 07:14:14,230] INFO in __main__: Starting AE LIW Automation
[2025-07-01 07:14:14,345] INFO in slide_updaters.slide_4: Updating slide 4
[2025-07-01 07:14:14,358] INFO in slide_updaters.slide_6: Updating slide 6
[2025-07-01 07:14:14,364] INFO in slide_updaters.slide_7: Updating slide 7
[2025-07-01 07:14:14,374] INFO in slide_updaters.slide_8: Updating slide 8
[2025-07-01 07:14:14,410] INFO in slide_updaters.slide_8: Update of slide 8 complete.
Manually remove rows where all values are zero.
Manually adjust position and size of the table.
[2025-07-01 07:14:14,410] INFO in slide_updaters.slide_9: Updating slide 9
[2025-07-01 07:14:14,420] INFO in slide_updaters.slide_10: Updating slide 10
[2025-07-01 07:15:33,157] INFO in slide_updaters.slide_15: Updating slide 15
[2025-07-01 07:15:33,367] INFO in slide_updaters.slide_29: Updating slide 29
[2025-07-01 07:15:33,579] INFO in slide_updaters.slide_36: Updating slide 36
[2025-07-01 07:15:41,180] INFO in slide_updaters.slide_38: Updating slide 38
[2025-07-01 07:15:41,248] INFO in slide_updaters.slide_40: Updating slide 40
[2025-07-01 07:15:41,314] INFO in slide_updaters.slide_48: Updating slide 48
[2025-07-02 05:25:54,325] INFO in __main__: Starting AE LIW Automation
[2025-07-02 05:25:54,437] INFO in slide_updaters.slide_4: Updating slide 4
[2025-07-02 05:25:54,449] INFO in slide_updaters.slide_6: Updating slide 6
[2025-07-02 05:25:54,455] INFO in slide_updaters.slide_7: Updating slide 7
[2025-07-02 05:25:54,465] INFO in slide_updaters.slide_8: Updating slide 8
[2025-07-02 05:25:54,500] INFO in slide_updaters.slide_8: Update of slide 8 complete.
Manually remove rows where all values are zero.
Manually adjust position and size of the table.
[2025-07-02 05:25:54,500] INFO in slide_updaters.slide_9: Updating slide 9
[2025-07-02 05:25:54,511] INFO in slide_updaters.slide_10: Updating slide 10
[2025-07-02 05:26:15,754] INFO in slide_updaters.slide_15: Updating slide 15
[2025-07-02 05:26:15,785] INFO in slide_updaters.slide_29: Updating slide 29
[2025-07-02 05:26:15,810] INFO in slide_updaters.slide_36: Updating slide 36
[2025-07-02 05:31:38,565] INFO in __main__: Starting AE LIW Automation
[2025-07-02 05:31:38,675] INFO in slide_updaters.slide_4: Updating slide 4
[2025-07-02 05:31:38,687] INFO in slide_updaters.slide_6: Updating slide 6
[2025-07-02 05:31:38,694] INFO in slide_updaters.slide_7: Updating slide 7
[2025-07-02 05:31:38,703] INFO in slide_updaters.slide_8: Updating slide 8
[2025-07-02 05:31:38,738] INFO in slide_updaters.slide_8: Update of slide 8 complete.
Manually remove rows where all values are zero.
Manually adjust position and size of the table.
[2025-07-02 05:31:38,738] INFO in slide_updaters.slide_9: Updating slide 9
[2025-07-02 05:31:38,748] INFO in slide_updaters.slide_10: Updating slide 10
[2025-07-02 05:34:09,676] INFO in __main__: Starting AE LIW Automation
[2025-07-02 05:34:09,788] INFO in slide_updaters.slide_4: Updating slide 4
[2025-07-02 05:34:09,800] INFO in slide_updaters.slide_6: Updating slide 6
[2025-07-02 05:34:09,806] INFO in slide_updaters.slide_7: Updating slide 7
[2025-07-02 05:34:09,815] INFO in slide_updaters.slide_8: Updating slide 8
[2025-07-02 05:34:09,849] INFO in slide_updaters.slide_8: Update of slide 8 complete.
Manually remove rows where all values are zero.
Manually adjust position and size of the table.
[2025-07-02 05:34:09,849] INFO in slide_updaters.slide_9: Updating slide 9
[2025-07-02 05:34:09,859] INFO in slide_updaters.slide_10: Updating slide 10
[2025-07-02 05:34:25,520] INFO in __main__: Starting AE LIW Automation
[2025-07-02 05:34:25,635] INFO in slide_updaters.slide_4: Updating slide 4
[2025-07-02 05:34:25,647] INFO in slide_updaters.slide_6: Updating slide 6
[2025-07-02 05:34:25,653] INFO in slide_updaters.slide_7: Updating slide 7
[2025-07-02 05:34:25,663] INFO in slide_updaters.slide_8: Updating slide 8
[2025-07-02 05:34:25,698] INFO in slide_updaters.slide_8: Update of slide 8 complete.
Manually remove rows where all values are zero.
Manually adjust position and size of the table.
[2025-07-02 05:34:25,699] INFO in slide_updaters.slide_9: Updating slide 9
[2025-07-02 05:34:25,708] INFO in slide_updaters.slide_10: Updating slide 10
[2025-07-02 05:40:41,770] INFO in __main__: Starting AE LIW Automation
[2025-07-02 05:40:41,881] INFO in slide_updaters.slide_4: Updating slide 4
[2025-07-02 05:40:41,893] INFO in slide_updaters.slide_6: Updating slide 6
[2025-07-02 05:40:41,900] INFO in slide_updaters.slide_7: Updating slide 7
[2025-07-02 05:40:41,909] INFO in slide_updaters.slide_8: Updating slide 8
[2025-07-02 05:40:41,944] INFO in slide_updaters.slide_8: Update of slide 8 complete.
Manually remove rows where all values are zero.
Manually adjust position and size of the table.
[2025-07-02 05:40:41,944] INFO in slide_updaters.slide_9: Updating slide 9
[2025-07-02 05:40:41,954] INFO in slide_updaters.slide_10: Updating slide 10
[2025-07-02 05:55:15,441] INFO in __main__: Starting AE LIW Automation
[2025-07-02 05:55:15,552] INFO in slide_updaters.slide_4: Updating slide 4
[2025-07-02 05:55:15,564] INFO in slide_updaters.slide_6: Updating slide 6
[2025-07-02 05:55:15,571] INFO in slide_updaters.slide_7: Updating slide 7
[2025-07-02 05:55:15,581] INFO in slide_updaters.slide_8: Updating slide 8
[2025-07-02 05:55:15,616] INFO in slide_updaters.slide_8: Update of slide 8 complete.
Manually remove rows where all values are zero.
Manually adjust position and size of the table.
[2025-07-02 05:55:15,616] INFO in slide_updaters.slide_9: Updating slide 9
[2025-07-02 05:55:15,626] INFO in slide_updaters.slide_10: Updating slide 10
[2025-07-02 05:56:05,185] INFO in __main__: Starting AE LIW Automation
[2025-07-02 05:56:05,296] INFO in slide_updaters.slide_4: Updating slide 4
[2025-07-02 05:56:05,308] INFO in slide_updaters.slide_6: Updating slide 6
[2025-07-02 05:56:05,315] INFO in slide_updaters.slide_7: Updating slide 7
[2025-07-02 05:56:05,324] INFO in slide_updaters.slide_8: Updating slide 8
[2025-07-02 05:56:05,358] INFO in slide_updaters.slide_8: Update of slide 8 complete.
Manually remove rows where all values are zero.
Manually adjust position and size of the table.
[2025-07-02 05:56:05,359] INFO in slide_updaters.slide_9: Updating slide 9
[2025-07-02 05:56:05,368] INFO in slide_updaters.slide_10: Updating slide 10
[2025-07-02 05:57:16,096] INFO in slide_updaters.slide_15: Updating slide 15
[2025-07-02 05:57:16,145] INFO in slide_updaters.slide_29: Updating slide 29
[2025-07-02 05:57:16,185] INFO in slide_updaters.slide_36: Updating slide 36
[2025-07-02 05:57:16,200] INFO in slide_updaters.slide_38: Updating slide 38
[2025-07-02 05:57:16,214] INFO in slide_updaters.slide_40: Updating slide 40
[2025-07-02 05:57:16,229] INFO in slide_updaters.slide_48: Updating slide 48
[2025-07-02 06:06:04,682] INFO in __main__: Starting AE LIW Automation
[2025-07-02 06:06:04,742] INFO in slide_updaters.slide_4: Updating slide 4
[2025-07-02 06:06:04,744] INFO in slide_updaters.slide_6: Updating slide 6
[2025-07-02 06:06:04,747] INFO in slide_updaters.slide_7: Updating slide 7
[2025-07-02 06:06:04,750] INFO in slide_updaters.slide_8: Updating slide 8
[2025-07-02 06:06:04,760] INFO in slide_updaters.slide_8: Update of slide 8 complete.
Manually remove rows where all values are zero.
Manually adjust position and size of the table.
[2025-07-02 06:06:04,760] INFO in slide_updaters.slide_9: Updating slide 9
[2025-07-02 06:06:04,764] INFO in slide_updaters.slide_10: Updating slide 10
[2025-07-02 06:06:04,768] INFO in slide_updaters.slide_15: Updating slide 15
[2025-07-02 06:06:04,776] INFO in slide_updaters.slide_29: Updating slide 29
[2025-07-02 06:06:04,785] INFO in slide_updaters.slide_36: Updating slide 36
[2025-07-02 06:06:04,787] INFO in slide_updaters.slide_38: Updating slide 38
[2025-07-02 06:06:04,790] INFO in slide_updaters.slide_40: Updating slide 40
[2025-07-02 06:06:04,792] INFO in slide_updaters.slide_48: Updating slide 48
[2025-07-02 06:11:40,717] INFO in __main__: Starting AE LIW Automation
[2025-07-02 06:11:40,775] INFO in slide_updaters.slide_4: Updating slide 4
[2025-07-02 06:11:40,778] INFO in slide_updaters.slide_6: Updating slide 6
[2025-07-02 06:11:40,781] INFO in slide_updaters.slide_7: Updating slide 7
[2025-07-02 06:11:40,784] INFO in slide_updaters.slide_8: Updating slide 8
[2025-07-02 06:11:40,794] INFO in slide_updaters.slide_8: Update of slide 8 complete.
Manually remove rows where all values are zero.
Manually adjust position and size of the table.
[2025-07-02 06:11:40,794] INFO in slide_updaters.slide_9: Updating slide 9
[2025-07-02 06:12:02,615] INFO in __main__: Starting AE LIW Automation
[2025-07-02 06:12:02,673] INFO in slide_updaters.slide_4: Updating slide 4
[2025-07-02 06:12:02,676] INFO in slide_updaters.slide_6: Updating slide 6
[2025-07-02 06:12:02,678] INFO in slide_updaters.slide_7: Updating slide 7
[2025-07-02 06:12:02,682] INFO in slide_updaters.slide_8: Updating slide 8
[2025-07-02 06:12:02,692] INFO in slide_updaters.slide_8: Update of slide 8 complete.
Manually remove rows where all values are zero.
Manually adjust position and size of the table.
[2025-07-02 06:12:02,692] INFO in slide_updaters.slide_9: Updating slide 9
[2025-07-02 06:12:02,695] INFO in slide_updaters.slide_10: Updating slide 10
[2025-07-02 06:12:23,269] INFO in __main__: Starting AE LIW Automation
[2025-07-02 06:12:23,327] INFO in slide_updaters.slide_4: Updating slide 4
[2025-07-02 06:12:23,329] INFO in slide_updaters.slide_6: Updating slide 6
[2025-07-02 06:12:23,332] INFO in slide_updaters.slide_7: Updating slide 7
[2025-07-02 06:12:23,336] INFO in slide_updaters.slide_8: Updating slide 8
[2025-07-02 06:12:23,345] INFO in slide_updaters.slide_8: Update of slide 8 complete.
Manually remove rows where all values are zero.
Manually adjust position and size of the table.
[2025-07-02 06:12:23,345] INFO in slide_updaters.slide_9: Updating slide 9
[2025-07-02 06:12:23,349] INFO in slide_updaters.slide_10: Updating slide 10
[2025-07-02 06:12:23,351] INFO in slide_updaters.slide_11: Updating slide 11
[2025-07-02 06:12:23,355] INFO in slide_updaters.slide_15: Updating slide 15
[2025-07-02 06:12:23,363] INFO in slide_updaters.slide_29: Updating slide 29
[2025-07-02 06:12:23,371] INFO in slide_updaters.slide_36: Updating slide 36
[2025-07-02 06:12:23,374] INFO in slide_updaters.slide_38: Updating slide 38
[2025-07-02 06:12:23,376] INFO in slide_updaters.slide_40: Updating slide 40
[2025-07-02 06:12:23,378] INFO in slide_updaters.slide_48: Updating slide 48
[2025-07-02 06:12:45,016] INFO in __main__: Starting AE LIW Automation
[2025-07-02 06:12:45,075] INFO in slide_updaters.slide_4: Updating slide 4
[2025-07-02 06:12:45,078] INFO in slide_updaters.slide_6: Updating slide 6
[2025-07-02 06:12:45,080] INFO in slide_updaters.slide_7: Updating slide 7
[2025-07-02 06:12:45,084] INFO in slide_updaters.slide_8: Updating slide 8
[2025-07-02 06:12:45,094] INFO in slide_updaters.slide_8: Update of slide 8 complete.
Manually remove rows where all values are zero.
Manually adjust position and size of the table.
[2025-07-02 06:12:45,094] INFO in slide_updaters.slide_9: Updating slide 9
[2025-07-02 06:12:45,099] INFO in slide_updaters.slide_10: Updating slide 10
[2025-07-02 06:13:16,554] INFO in __main__: Starting AE LIW Automation
[2025-07-02 06:13:16,610] INFO in slide_updaters.slide_4: Updating slide 4
[2025-07-02 06:13:16,613] INFO in slide_updaters.slide_6: Updating slide 6
[2025-07-02 06:13:16,615] INFO in slide_updaters.slide_7: Updating slide 7
[2025-07-02 06:13:16,619] INFO in slide_updaters.slide_8: Updating slide 8
[2025-07-02 06:13:16,628] INFO in slide_updaters.slide_8: Update of slide 8 complete.
Manually remove rows where all values are zero.
Manually adjust position and size of the table.
[2025-07-02 06:13:16,629] INFO in slide_updaters.slide_9: Updating slide 9
[2025-07-02 06:13:16,632] INFO in slide_updaters.slide_10: Updating slide 10
[2025-07-02 06:13:16,634] INFO in slide_updaters.slide_11: Updating slide 11
[2025-07-02 06:13:16,639] INFO in slide_updaters.slide_15: Updating slide 15
[2025-07-02 06:13:16,647] INFO in slide_updaters.slide_29: Updating slide 29
[2025-07-02 06:13:16,655] INFO in slide_updaters.slide_36: Updating slide 36
[2025-07-02 06:13:16,658] INFO in slide_updaters.slide_38: Updating slide 38
[2025-07-02 06:13:16,660] INFO in slide_updaters.slide_40: Updating slide 40
[2025-07-02 06:13:16,663] INFO in slide_updaters.slide_48: Updating slide 48
[2025-07-02 06:15:05,462] INFO in __main__: Starting AE LIW Automation
[2025-07-02 06:15:05,520] INFO in slide_updaters.slide_4: Updating slide 4
[2025-07-02 06:15:05,523] INFO in slide_updaters.slide_6: Updating slide 6
[2025-07-02 06:15:05,525] INFO in slide_updaters.slide_7: Updating slide 7
[2025-07-02 06:15:05,529] INFO in slide_updaters.slide_8: Updating slide 8
[2025-07-02 06:15:05,540] INFO in slide_updaters.slide_8: Update of slide 8 complete.
Manually remove rows where all values are zero.
Manually adjust position and size of the table.
[2025-07-02 06:15:05,540] INFO in slide_updaters.slide_9: Updating slide 9
[2025-07-02 06:15:05,544] INFO in slide_updaters.slide_10: Updating slide 10
[2025-07-02 06:15:05,546] INFO in slide_updaters.slide_11: Updating slide 11
[2025-07-02 06:15:05,550] INFO in slide_updaters.slide_15: Updating slide 15
[2025-07-02 06:15:05,558] INFO in slide_updaters.slide_29: Updating slide 29
[2025-07-02 06:15:05,567] INFO in slide_updaters.slide_36: Updating slide 36
[2025-07-02 06:15:05,569] INFO in slide_updaters.slide_38: Updating slide 38
[2025-07-02 06:15:05,572] INFO in slide_updaters.slide_40: Updating slide 40
[2025-07-02 06:15:05,574] INFO in slide_updaters.slide_48: Updating slide 48
[2025-07-02 06:18:32,093] INFO in __main__: Starting AE LIW Automation
[2025-07-02 06:18:32,152] INFO in slide_updaters.slide_4: Updating slide 4
[2025-07-02 06:18:32,154] INFO in slide_updaters.slide_6: Updating slide 6
[2025-07-02 06:18:32,157] INFO in slide_updaters.slide_7: Updating slide 7
[2025-07-02 06:18:32,160] INFO in slide_updaters.slide_8: Updating slide 8
[2025-07-02 06:18:32,171] INFO in slide_updaters.slide_8: Update of slide 8 complete.
Manually remove rows where all values are zero.
Manually adjust position and size of the table.
[2025-07-02 06:18:32,171] INFO in slide_updaters.slide_9: Updating slide 9
[2025-07-02 06:18:32,175] INFO in slide_updaters.slide_10: Updating slide 10
[2025-07-02 06:18:32,177] INFO in slide_updaters.slide_11: Updating slide 11
[2025-07-02 06:18:32,180] INFO in slide_updaters.slide_12: Updating slide 12
[2025-07-02 06:18:32,184] INFO in slide_updaters.slide_15: Updating slide 15
[2025-07-02 06:18:32,192] INFO in slide_updaters.slide_29: Updating slide 29
[2025-07-02 06:18:32,201] INFO in slide_updaters.slide_36: Updating slide 36
[2025-07-02 06:18:32,203] INFO in slide_updaters.slide_38: Updating slide 38
[2025-07-02 06:18:32,206] INFO in slide_updaters.slide_40: Updating slide 40
[2025-07-02 06:18:32,208] INFO in slide_updaters.slide_48: Updating slide 48
[2025-07-02 06:22:35,416] INFO in __main__: Starting AE LIW Automation
[2025-07-02 06:22:35,528] INFO in slide_updaters.slide_4: Updating slide 4
[2025-07-02 06:22:35,540] INFO in slide_updaters.slide_6: Updating slide 6
[2025-07-02 06:22:35,546] INFO in slide_updaters.slide_7: Updating slide 7
[2025-07-02 06:22:35,555] INFO in slide_updaters.slide_8: Updating slide 8
[2025-07-02 06:22:35,591] INFO in slide_updaters.slide_8: Update of slide 8 complete.
Manually remove rows where all values are zero.
Manually adjust position and size of the table.
[2025-07-02 06:22:35,591] INFO in slide_updaters.slide_9: Updating slide 9
[2025-07-02 06:22:35,600] INFO in slide_updaters.slide_10: Updating slide 10
[2025-07-02 06:22:35,607] INFO in slide_updaters.slide_11: Updating slide 11
[2025-07-02 06:22:35,613] INFO in slide_updaters.slide_12: Updating slide 12
[2025-07-02 06:33:24,992] INFO in __main__: Starting AE LIW Automation
[2025-07-02 06:33:25,109] INFO in slide_updaters.slide_4: Updating slide 4
[2025-07-02 06:33:25,122] INFO in slide_updaters.slide_6: Updating slide 6
[2025-07-02 06:33:25,129] INFO in slide_updaters.slide_7: Updating slide 7
[2025-07-02 06:33:25,138] INFO in slide_updaters.slide_8: Updating slide 8
[2025-07-02 06:33:25,176] INFO in slide_updaters.slide_8: Update of slide 8 complete.
Manually remove rows where all values are zero.
Manually adjust position and size of the table.
[2025-07-02 06:33:25,176] INFO in slide_updaters.slide_9: Updating slide 9
[2025-07-02 06:33:25,186] INFO in slide_updaters.slide_10: Updating slide 10
[2025-07-02 06:33:25,193] INFO in slide_updaters.slide_11: Updating slide 11
[2025-07-02 06:33:25,201] INFO in slide_updaters.slide_12: Updating slide 12
[2025-07-02 06:33:51,671] INFO in __main__: Starting AE LIW Automation
[2025-07-02 06:33:51,782] INFO in slide_updaters.slide_4: Updating slide 4
[2025-07-02 06:33:51,794] INFO in slide_updaters.slide_6: Updating slide 6
[2025-07-02 06:33:51,800] INFO in slide_updaters.slide_7: Updating slide 7
[2025-07-02 06:33:51,810] INFO in slide_updaters.slide_8: Updating slide 8
[2025-07-02 06:33:51,844] INFO in slide_updaters.slide_8: Update of slide 8 complete.
Manually remove rows where all values are zero.
Manually adjust position and size of the table.
[2025-07-02 06:33:51,844] INFO in slide_updaters.slide_9: Updating slide 9
[2025-07-02 06:33:51,854] INFO in slide_updaters.slide_10: Updating slide 10
[2025-07-02 06:33:51,861] INFO in slide_updaters.slide_11: Updating slide 11
[2025-07-02 06:33:51,868] INFO in slide_updaters.slide_12: Updating slide 12
[2025-07-02 06:34:15,445] INFO in slide_updaters.slide_15: Updating slide 15
[2025-07-02 06:34:15,480] INFO in slide_updaters.slide_29: Updating slide 29
[2025-07-02 06:34:15,509] INFO in slide_updaters.slide_36: Updating slide 36
[2025-07-02 06:34:15,517] INFO in slide_updaters.slide_38: Updating slide 38
[2025-07-02 06:34:15,525] INFO in slide_updaters.slide_40: Updating slide 40
[2025-07-02 06:34:15,535] INFO in slide_updaters.slide_48: Updating slide 48
[2025-07-02 06:42:01,247] INFO in __main__: Starting AE LIW Automation
[2025-07-02 06:42:01,361] INFO in slide_updaters.slide_4: Updating slide 4
[2025-07-02 06:42:01,374] INFO in slide_updaters.slide_6: Updating slide 6
[2025-07-02 06:42:01,380] INFO in slide_updaters.slide_7: Updating slide 7
[2025-07-02 06:42:01,389] INFO in slide_updaters.slide_8: Updating slide 8
[2025-07-02 06:42:01,424] INFO in slide_updaters.slide_8: Update of slide 8 complete.
Manually remove rows where all values are zero.
Manually adjust position and size of the table.
[2025-07-02 06:42:01,424] INFO in slide_updaters.slide_9: Updating slide 9
[2025-07-02 06:42:01,434] INFO in slide_updaters.slide_10: Updating slide 10
[2025-07-02 06:42:01,441] INFO in slide_updaters.slide_11: Updating slide 11
[2025-07-02 06:42:01,448] INFO in slide_updaters.slide_12: Updating slide 12
[2025-07-02 06:42:21,508] INFO in slide_updaters.slide_15: Updating slide 15
[2025-07-02 06:42:21,545] INFO in slide_updaters.slide_29: Updating slide 29
[2025-07-02 06:42:21,572] INFO in slide_updaters.slide_36: Updating slide 36
[2025-07-02 06:42:21,580] INFO in slide_updaters.slide_38: Updating slide 38
[2025-07-02 06:42:21,589] INFO in slide_updaters.slide_40: Updating slide 40
[2025-07-02 06:42:21,598] INFO in slide_updaters.slide_48: Updating slide 48
[2025-07-02 06:47:08,555] INFO in __main__: Starting AE LIW Automation
[2025-07-02 06:47:08,613] INFO in slide_updaters.slide_4: Updating slide 4
[2025-07-02 06:47:08,616] INFO in slide_updaters.slide_6: Updating slide 6
[2025-07-02 06:47:08,619] INFO in slide_updaters.slide_7: Updating slide 7
[2025-07-02 06:47:08,622] INFO in slide_updaters.slide_8: Updating slide 8
[2025-07-02 06:47:08,632] INFO in slide_updaters.slide_8: Update of slide 8 complete.
Manually remove rows where all values are zero.
Manually adjust position and size of the table.
[2025-07-02 06:47:08,632] INFO in slide_updaters.slide_9: Updating slide 9
[2025-07-02 06:47:08,635] INFO in slide_updaters.slide_10: Updating slide 10
[2025-07-02 06:47:08,638] INFO in slide_updaters.slide_11: Updating slide 11
[2025-07-02 06:47:08,640] INFO in slide_updaters.slide_12: Updating slide 12
[2025-07-02 06:47:08,645] INFO in slide_updaters.slide_15: Updating slide 15
[2025-07-02 06:47:08,652] INFO in slide_updaters.slide_29: Updating slide 29
[2025-07-02 06:47:08,660] INFO in slide_updaters.slide_36: Updating slide 36
[2025-07-02 06:47:08,663] INFO in slide_updaters.slide_38: Updating slide 38
[2025-07-02 06:47:08,665] INFO in slide_updaters.slide_40: Updating slide 40
[2025-07-02 06:47:08,668] INFO in slide_updaters.slide_48: Updating slide 48
[2025-07-02 06:48:44,630] INFO in __main__: Starting AE LIW Automation
[2025-07-02 06:48:44,692] INFO in slide_updaters.slide_4: Updating slide 4
[2025-07-02 06:48:44,695] INFO in slide_updaters.slide_6: Updating slide 6
[2025-07-02 06:48:44,697] INFO in slide_updaters.slide_7: Updating slide 7
[2025-07-02 06:48:44,701] INFO in slide_updaters.slide_8: Updating slide 8
[2025-07-02 06:48:44,711] INFO in slide_updaters.slide_8: Update of slide 8 complete.
Manually remove rows where all values are zero.
Manually adjust position and size of the table.
[2025-07-02 06:48:44,711] INFO in slide_updaters.slide_9: Updating slide 9
[2025-07-02 06:48:44,715] INFO in slide_updaters.slide_10: Updating slide 10
[2025-07-02 06:48:44,717] INFO in slide_updaters.slide_11: Updating slide 11
[2025-07-02 06:48:44,720] INFO in slide_updaters.slide_12: Updating slide 12
[2025-07-02 06:48:44,724] INFO in slide_updaters.slide_15: Updating slide 15
[2025-07-02 06:48:44,732] INFO in slide_updaters.slide_29: Updating slide 29
[2025-07-02 06:48:44,740] INFO in slide_updaters.slide_36: Updating slide 36
[2025-07-02 06:48:44,743] INFO in slide_updaters.slide_38: Updating slide 38
[2025-07-02 06:48:44,745] INFO in slide_updaters.slide_40: Updating slide 40
[2025-07-02 06:48:44,748] INFO in slide_updaters.slide_48: Updating slide 48
[2025-07-02 06:50:24,818] INFO in __main__: Starting AE LIW Automation
[2025-07-02 06:50:24,875] INFO in slide_updaters.slide_4: Updating slide 4
[2025-07-02 06:50:24,878] INFO in slide_updaters.slide_6: Updating slide 6
[2025-07-02 06:50:24,880] INFO in slide_updaters.slide_7: Updating slide 7
[2025-07-02 06:50:24,884] INFO in slide_updaters.slide_8: Updating slide 8
[2025-07-02 06:50:24,894] INFO in slide_updaters.slide_8: Update of slide 8 complete.
Manually remove rows where all values are zero.
Manually adjust position and size of the table.
[2025-07-02 06:50:24,894] INFO in slide_updaters.slide_9: Updating slide 9
[2025-07-02 06:50:24,897] INFO in slide_updaters.slide_10: Updating slide 10
[2025-07-02 06:50:24,900] INFO in slide_updaters.slide_11: Updating slide 11
[2025-07-02 06:50:24,902] INFO in slide_updaters.slide_12: Updating slide 12
[2025-07-02 06:50:24,906] INFO in slide_updaters.slide_15: Updating slide 15
[2025-07-02 06:50:24,914] INFO in slide_updaters.slide_29: Updating slide 29
[2025-07-02 06:50:24,922] INFO in slide_updaters.slide_36: Updating slide 36
[2025-07-02 06:50:24,924] INFO in slide_updaters.slide_38: Updating slide 38
[2025-07-02 06:50:24,927] INFO in slide_updaters.slide_40: Updating slide 40
[2025-07-02 06:50:24,929] INFO in slide_updaters.slide_48: Updating slide 48
[2025-07-02 06:52:16,248] INFO in __main__: Starting AE LIW Automation
[2025-07-02 06:52:16,304] INFO in slide_updaters.slide_4: Updating slide 4
[2025-07-02 06:52:16,307] INFO in slide_updaters.slide_6: Updating slide 6
[2025-07-02 06:52:16,309] INFO in slide_updaters.slide_7: Updating slide 7
[2025-07-02 06:52:16,312] INFO in slide_updaters.slide_8: Updating slide 8
[2025-07-02 06:52:16,322] INFO in slide_updaters.slide_8: Update of slide 8 complete.
Manually remove rows where all values are zero.
Manually adjust position and size of the table.
[2025-07-02 06:52:16,323] INFO in slide_updaters.slide_9: Updating slide 9
[2025-07-02 06:52:16,326] INFO in slide_updaters.slide_10: Updating slide 10
[2025-07-02 06:52:16,328] INFO in slide_updaters.slide_11: Updating slide 11
[2025-07-02 06:52:16,331] INFO in slide_updaters.slide_12: Updating slide 12
[2025-07-02 06:52:16,333] INFO in slide_updaters.slide_13: Updating slide 13
[2025-07-02 06:52:16,337] INFO in slide_updaters.slide_15: Updating slide 15
[2025-07-02 06:52:16,346] INFO in slide_updaters.slide_29: Updating slide 29
[2025-07-02 06:52:16,354] INFO in slide_updaters.slide_36: Updating slide 36
[2025-07-02 06:52:16,357] INFO in slide_updaters.slide_38: Updating slide 38
[2025-07-02 06:52:16,359] INFO in slide_updaters.slide_40: Updating slide 40
[2025-07-02 06:52:16,362] INFO in slide_updaters.slide_48: Updating slide 48
[2025-07-02 06:55:49,885] INFO in __main__: Starting AE LIW Automation
[2025-07-02 06:55:49,943] INFO in slide_updaters.slide_4: Updating slide 4
[2025-07-02 06:55:49,946] INFO in slide_updaters.slide_6: Updating slide 6
[2025-07-02 06:55:49,949] INFO in slide_updaters.slide_7: Updating slide 7
[2025-07-02 06:55:49,952] INFO in slide_updaters.slide_8: Updating slide 8
[2025-07-02 06:55:49,962] INFO in slide_updaters.slide_8: Update of slide 8 complete.
Manually remove rows where all values are zero.
Manually adjust position and size of the table.
[2025-07-02 06:55:49,962] INFO in slide_updaters.slide_9: Updating slide 9
[2025-07-02 06:55:49,965] INFO in slide_updaters.slide_10: Updating slide 10
[2025-07-02 06:55:49,968] INFO in slide_updaters.slide_11: Updating slide 11
[2025-07-02 06:55:49,970] INFO in slide_updaters.slide_12: Updating slide 12
[2025-07-02 06:55:49,973] INFO in slide_updaters.slide_13: Updating slide 13
[2025-07-02 06:55:49,975] INFO in slide_updaters.slide_14: Updating slide 14
[2025-07-02 06:55:49,978] INFO in slide_updaters.slide_15: Updating slide 15
[2025-07-02 06:55:49,986] INFO in slide_updaters.slide_29: Updating slide 29
[2025-07-02 06:55:49,993] INFO in slide_updaters.slide_36: Updating slide 36
[2025-07-02 06:55:49,996] INFO in slide_updaters.slide_38: Updating slide 38
[2025-07-02 06:55:49,998] INFO in slide_updaters.slide_40: Updating slide 40
[2025-07-02 06:55:50,001] INFO in slide_updaters.slide_48: Updating slide 48
[2025-07-03 06:16:42,087] INFO in __main__: Starting AE LIW Automation
[2025-07-03 06:16:42,201] INFO in slide_updaters.slide_4: Updating slide 4
[2025-07-03 06:16:42,213] INFO in slide_updaters.slide_6: Updating slide 6
[2025-07-03 06:16:42,220] INFO in slide_updaters.slide_7: Updating slide 7
[2025-07-03 06:16:42,230] INFO in slide_updaters.slide_8: Updating slide 8
[2025-07-03 06:21:56,424] INFO in __main__: Starting AE LIW Automation
[2025-07-03 06:21:56,480] INFO in slide_updaters.slide_4: Updating slide 4
[2025-07-03 06:21:56,482] INFO in slide_updaters.slide_6: Updating slide 6
[2025-07-03 06:21:56,485] INFO in slide_updaters.slide_7: Updating slide 7
[2025-07-03 06:21:56,488] INFO in slide_updaters.slide_8: Updating slide 8
[2025-07-03 06:21:56,499] INFO in slide_updaters.slide_8: Update of slide 8 complete.
Manually remove rows where all values are zero.
Manually adjust position and size of the table.
[2025-07-03 06:21:56,499] INFO in slide_updaters.slide_9: Updating slide 9
[2025-07-03 06:21:56,502] INFO in slide_updaters.slide_10: Updating slide 10
[2025-07-03 06:21:56,505] INFO in slide_updaters.slide_11: Updating slide 11
[2025-07-03 06:21:56,508] INFO in slide_updaters.slide_12: Updating slide 12
[2025-07-03 06:21:56,510] INFO in slide_updaters.slide_13: Updating slide 13
[2025-07-03 06:21:56,512] INFO in slide_updaters.slide_14: Updating slide 14
[2025-07-03 06:21:56,515] INFO in slide_updaters.slide_15: Updating slide 15
[2025-07-03 06:21:56,524] INFO in slide_updaters.slide_29: Updating slide 29
[2025-07-03 06:21:56,533] INFO in slide_updaters.slide_36: Updating slide 36
[2025-07-03 06:21:56,536] INFO in slide_updaters.slide_38: Updating slide 38
[2025-07-03 06:21:56,538] INFO in slide_updaters.slide_40: Updating slide 40
[2025-07-03 06:21:56,540] INFO in slide_updaters.slide_48: Updating slide 48
[2025-07-03 06:32:58,853] INFO in __main__: Starting AE LIW Automation
[2025-07-03 06:32:58,914] INFO in slide_updaters.slide_4: Updating slide 4
[2025-07-03 06:32:58,917] INFO in slide_updaters.slide_6: Updating slide 6
[2025-07-03 06:32:58,919] INFO in slide_updaters.slide_7: Updating slide 7
[2025-07-03 06:32:58,923] INFO in slide_updaters.slide_8: Updating slide 8
[2025-07-03 06:32:58,933] INFO in slide_updaters.slide_8: Update of slide 8 complete.
Manually remove rows where all values are zero.
Manually adjust position and size of the table.
Verify Base value for current quarter is accurate.
[2025-07-03 06:32:58,933] INFO in slide_updaters.slide_9: Updating slide 9
[2025-07-03 06:32:58,937] INFO in slide_updaters.slide_10: Updating slide 10
[2025-07-03 06:32:58,940] INFO in slide_updaters.slide_11: Updating slide 11
[2025-07-03 06:32:58,942] INFO in slide_updaters.slide_12: Updating slide 12
[2025-07-03 06:32:58,945] INFO in slide_updaters.slide_13: Updating slide 13
[2025-07-03 06:32:58,947] INFO in slide_updaters.slide_14: Updating slide 14
[2025-07-03 06:32:58,949] INFO in slide_updaters.slide_15: Updating slide 15
[2025-07-03 06:32:58,956] INFO in slide_updaters.slide_29: Updating slide 29
[2025-07-03 06:32:58,965] INFO in slide_updaters.slide_36: Updating slide 36
[2025-07-03 06:32:58,967] INFO in slide_updaters.slide_38: Updating slide 38
[2025-07-03 06:32:58,970] INFO in slide_updaters.slide_40: Updating slide 40
[2025-07-03 06:32:58,972] INFO in slide_updaters.slide_48: Updating slide 48
[2025-07-03 06:45:41,037] INFO in __main__: Starting AE LIW Automation
[2025-07-03 06:45:41,095] INFO in slide_updaters.slide_4: Updating slide 4
[2025-07-03 06:45:41,097] INFO in slide_updaters.slide_6: Updating slide 6
[2025-07-03 06:45:41,100] INFO in slide_updaters.slide_7: Updating slide 7
[2025-07-03 06:45:41,103] INFO in slide_updaters.slide_8: Updating slide 8
[2025-07-03 06:45:41,114] INFO in slide_updaters.slide_8: Update of slide 8 complete.
Manually remove rows where all values are zero.
Manually adjust position and size of the table.
Verify Base value for current quarter is accurate.
[2025-07-03 06:45:41,114] INFO in slide_updaters.slide_9: Updating slide 9
[2025-07-03 06:45:41,117] INFO in slide_updaters.slide_10: Updating slide 10
[2025-07-03 06:45:41,120] INFO in slide_updaters.slide_11: Updating slide 11
[2025-07-03 06:45:41,122] INFO in slide_updaters.slide_12: Updating slide 12
[2025-07-03 06:45:41,125] INFO in slide_updaters.slide_13: Updating slide 13
[2025-07-03 06:45:41,127] INFO in slide_updaters.slide_14: Updating slide 14
[2025-07-03 06:45:41,129] INFO in slide_updaters.slide_15: Updating slide 15
[2025-07-03 06:45:41,137] INFO in slide_updaters.slide_29: Updating slide 29
[2025-07-03 06:45:41,145] INFO in slide_updaters.slide_36: Updating slide 36
[2025-07-03 06:45:41,147] INFO in slide_updaters.slide_38: Updating slide 38
[2025-07-03 06:45:41,150] INFO in slide_updaters.slide_40: Updating slide 40
[2025-07-03 06:45:41,152] INFO in slide_updaters.slide_48: Updating slide 48
[2025-07-03 06:47:25,662] INFO in __main__: Starting AE LIW Automation
[2025-07-03 06:47:25,775] INFO in slide_updaters.slide_4: Updating slide 4
[2025-07-03 06:47:25,788] INFO in slide_updaters.slide_6: Updating slide 6
[2025-07-03 06:47:25,794] INFO in slide_updaters.slide_7: Updating slide 7
[2025-07-03 06:47:25,803] INFO in slide_updaters.slide_8: Updating slide 8
[2025-07-03 07:03:01,028] INFO in __main__: Starting AE LIW Automation
[2025-07-03 07:03:01,139] INFO in slide_updaters.slide_4: Updating slide 4
[2025-07-03 07:03:01,151] INFO in slide_updaters.slide_6: Updating slide 6
[2025-07-03 07:03:01,157] INFO in slide_updaters.slide_7: Updating slide 7
[2025-07-03 07:03:01,167] INFO in slide_updaters.slide_8: Updating slide 8
[2025-07-03 07:03:30,231] INFO in __main__: Starting AE LIW Automation
[2025-07-03 07:03:30,340] INFO in slide_updaters.slide_4: Updating slide 4
[2025-07-03 07:03:30,352] INFO in slide_updaters.slide_6: Updating slide 6
[2025-07-03 07:03:30,359] INFO in slide_updaters.slide_7: Updating slide 7
[2025-07-03 07:03:30,368] INFO in slide_updaters.slide_8: Updating slide 8
[2025-07-03 07:12:10,117] INFO in __main__: Starting AE LIW Automation
[2025-07-03 07:12:10,231] INFO in slide_updaters.slide_4: Updating slide 4
[2025-07-03 07:12:10,244] INFO in slide_updaters.slide_6: Updating slide 6
[2025-07-03 07:12:10,250] INFO in slide_updaters.slide_7: Updating slide 7
[2025-07-03 07:12:10,260] INFO in slide_updaters.slide_8: Updating slide 8
[2025-07-03 07:17:19,677] INFO in __main__: Starting AE LIW Automation
[2025-07-03 07:17:19,790] INFO in slide_updaters.slide_4: Updating slide 4
[2025-07-03 07:17:19,802] INFO in slide_updaters.slide_6: Updating slide 6
[2025-07-03 07:17:19,809] INFO in slide_updaters.slide_7: Updating slide 7
[2025-07-03 07:17:19,818] INFO in slide_updaters.slide_8: Updating slide 8
[2025-07-03 07:17:37,827] INFO in __main__: Starting AE LIW Automation
[2025-07-03 07:17:37,939] INFO in slide_updaters.slide_4: Updating slide 4
[2025-07-03 07:17:37,951] INFO in slide_updaters.slide_6: Updating slide 6
[2025-07-03 07:17:37,957] INFO in slide_updaters.slide_7: Updating slide 7
[2025-07-03 07:17:37,967] INFO in slide_updaters.slide_8: Updating slide 8
[2025-07-03 07:18:18,670] INFO in slide_updaters.slide_8: Update of slide 8 complete.
Manually remove rows where all values are zero.
Manually adjust position and size of the table.
Verify Base value for current quarter is accurate.
[2025-07-03 07:18:18,670] INFO in slide_updaters.slide_9: Updating slide 9
[2025-07-03 07:18:18,695] INFO in slide_updaters.slide_10: Updating slide 10
[2025-07-03 07:18:18,706] INFO in slide_updaters.slide_11: Updating slide 11
[2025-07-03 07:18:18,717] INFO in slide_updaters.slide_12: Updating slide 12
[2025-07-03 07:18:24,611] INFO in slide_updaters.slide_13: Updating slide 13
[2025-07-03 07:18:24,629] INFO in slide_updaters.slide_14: Updating slide 14
[2025-07-03 07:18:24,639] INFO in slide_updaters.slide_15: Updating slide 15
[2025-07-03 07:18:24,684] INFO in slide_updaters.slide_29: Updating slide 29
[2025-07-03 07:18:24,729] INFO in slide_updaters.slide_36: Updating slide 36
[2025-07-03 07:18:24,747] INFO in slide_updaters.slide_38: Updating slide 38
[2025-07-03 07:18:24,766] INFO in slide_updaters.slide_40: Updating slide 40
[2025-07-03 07:18:24,784] INFO in slide_updaters.slide_48: Updating slide 48
[2025-07-03 07:29:46,891] INFO in __main__: Starting AE LIW Automation
[2025-07-03 07:29:46,948] INFO in slide_updaters.slide_4: Updating slide 4
[2025-07-03 07:29:46,951] INFO in slide_updaters.slide_6: Updating slide 6
[2025-07-03 07:29:46,954] INFO in slide_updaters.slide_7: Updating slide 7
[2025-07-03 07:29:46,957] INFO in slide_updaters.slide_8: Updating slide 8
[2025-07-03 07:30:40,682] INFO in __main__: Starting AE LIW Automation
[2025-07-03 07:30:40,743] INFO in slide_updaters.slide_4: Updating slide 4
[2025-07-03 07:30:40,746] INFO in slide_updaters.slide_6: Updating slide 6
[2025-07-03 07:30:40,748] INFO in slide_updaters.slide_7: Updating slide 7
[2025-07-03 07:30:40,752] INFO in slide_updaters.slide_8: Updating slide 8
[2025-07-03 07:30:40,761] INFO in slide_updaters.slide_8: Update of slide 8 complete.
Manually remove rows where all values are zero.
Manually adjust position and size of the table.
Verify Base value for current quarter is accurate.
[2025-07-03 07:30:40,761] INFO in slide_updaters.slide_9: Updating slide 9
[2025-07-03 07:30:40,765] INFO in slide_updaters.slide_10: Updating slide 10
[2025-07-03 07:30:40,767] INFO in slide_updaters.slide_11: Updating slide 11
[2025-07-03 07:30:40,770] INFO in slide_updaters.slide_12: Updating slide 12
[2025-07-03 07:30:40,773] INFO in slide_updaters.slide_13: Updating slide 13
[2025-07-03 07:30:40,775] INFO in slide_updaters.slide_14: Updating slide 14
[2025-07-03 07:30:40,777] INFO in slide_updaters.slide_15: Updating slide 15
[2025-07-03 07:30:40,785] INFO in slide_updaters.slide_29: Updating slide 29
[2025-07-03 07:30:40,793] INFO in slide_updaters.slide_36: Updating slide 36
[2025-07-03 07:30:40,796] INFO in slide_updaters.slide_38: Updating slide 38
[2025-07-03 07:30:40,799] INFO in slide_updaters.slide_40: Updating slide 40
[2025-07-03 07:30:40,803] INFO in slide_updaters.slide_48: Updating slide 48
[2025-07-03 07:32:20,343] INFO in __main__: Starting AE LIW Automation
[2025-07-03 07:32:20,401] INFO in slide_updaters.slide_4: Updating slide 4
[2025-07-03 07:32:20,403] INFO in slide_updaters.slide_6: Updating slide 6
[2025-07-03 07:32:20,406] INFO in slide_updaters.slide_7: Updating slide 7
[2025-07-03 07:32:20,410] INFO in slide_updaters.slide_8: Updating slide 8
[2025-07-03 07:32:20,419] INFO in slide_updaters.slide_8: Update of slide 8 complete.
Manually remove rows where all values are zero.
Manually adjust position and size of the table.
Verify Base value for current quarter is accurate.
[2025-07-03 07:32:20,419] INFO in slide_updaters.slide_9: Updating slide 9
[2025-07-03 07:32:20,423] INFO in slide_updaters.slide_10: Updating slide 10
[2025-07-03 07:32:20,426] INFO in slide_updaters.slide_11: Updating slide 11
[2025-07-03 07:32:20,428] INFO in slide_updaters.slide_12: Updating slide 12
[2025-07-03 07:32:20,431] INFO in slide_updaters.slide_13: Updating slide 13
[2025-07-03 07:32:20,434] INFO in slide_updaters.slide_14: Updating slide 14
[2025-07-03 07:32:20,436] INFO in slide_updaters.slide_15: Updating slide 15
[2025-07-03 07:32:20,444] INFO in slide_updaters.slide_29: Updating slide 29
[2025-07-03 07:32:20,452] INFO in slide_updaters.slide_36: Updating slide 36
[2025-07-03 07:32:20,455] INFO in slide_updaters.slide_38: Updating slide 38
[2025-07-03 07:32:20,457] INFO in slide_updaters.slide_40: Updating slide 40
[2025-07-03 07:32:20,460] INFO in slide_updaters.slide_48: Updating slide 48
[2025-07-03 07:33:55,175] INFO in __main__: Starting AE LIW Automation
[2025-07-03 07:33:55,287] INFO in slide_updaters.slide_4: Updating slide 4
[2025-07-03 07:33:55,300] INFO in slide_updaters.slide_6: Updating slide 6
[2025-07-03 07:33:55,306] INFO in slide_updaters.slide_7: Updating slide 7
[2025-07-03 07:33:55,316] INFO in slide_updaters.slide_8: Updating slide 8
[2025-07-03 07:44:46,700] INFO in __main__: Starting AE LIW Automation
[2025-07-03 07:44:46,812] INFO in slide_updaters.slide_4: Updating slide 4
[2025-07-03 07:44:46,824] INFO in slide_updaters.slide_6: Updating slide 6
[2025-07-03 07:44:46,830] INFO in slide_updaters.slide_7: Updating slide 7
[2025-07-03 07:44:46,840] INFO in slide_updaters.slide_8: Updating slide 8
[2025-07-03 07:45:07,637] INFO in __main__: Starting AE LIW Automation
[2025-07-03 07:45:07,694] INFO in slide_updaters.slide_4: Updating slide 4
[2025-07-03 07:45:07,697] INFO in slide_updaters.slide_6: Updating slide 6
[2025-07-03 07:45:07,699] INFO in slide_updaters.slide_7: Updating slide 7
[2025-07-03 07:45:07,702] INFO in slide_updaters.slide_8: Updating slide 8
[2025-07-03 07:45:07,712] INFO in slide_updaters.slide_8: Update of slide 8 complete.
Manually remove rows where all values are zero.
Manually adjust position and size of the table.
Verify Base value for current quarter is accurate.
[2025-07-03 07:45:07,712] INFO in slide_updaters.slide_9: Updating slide 9
[2025-07-03 07:45:07,715] INFO in slide_updaters.slide_10: Updating slide 10
[2025-07-03 07:45:07,718] INFO in slide_updaters.slide_11: Updating slide 11
[2025-07-03 07:45:07,720] INFO in slide_updaters.slide_12: Updating slide 12
[2025-07-03 07:45:07,722] INFO in slide_updaters.slide_13: Updating slide 13
[2025-07-03 07:45:07,725] INFO in slide_updaters.slide_14: Updating slide 14
[2025-07-03 07:45:07,727] INFO in slide_updaters.slide_15: Updating slide 15
[2025-07-03 07:45:07,735] INFO in slide_updaters.slide_29: Updating slide 29
[2025-07-03 07:45:07,743] INFO in slide_updaters.slide_36: Updating slide 36
[2025-07-03 07:45:07,745] INFO in slide_updaters.slide_38: Updating slide 38
[2025-07-03 07:45:07,747] INFO in slide_updaters.slide_40: Updating slide 40
[2025-07-03 07:45:07,750] INFO in slide_updaters.slide_48: Updating slide 48
